2019-09-20 11:10:55.138 [main] INFO  o.s.b.t.context.SpringBootTestContextBootstrapper - Neither @ContextConfiguration nor @ContextHierarchy found for test class [com.ego.test.MyTest], using SpringBootContextLoader
2019-09-20 11:10:55.146 [main] INFO  o.s.test.context.support.AbstractContextLoader - Could not detect default resource locations for test class [com.ego.test.MyTest]: no resource found for suffixes {-context.xml, Context.groovy}.
2019-09-20 11:10:55.469 [main] INFO  o.s.b.t.context.SpringBootTestContextBootstrapper - Loaded default TestExecutionListener class names from location [META-INF/spring.factories]: [org.springframework.boot.test.mock.mockito.MockitoTestExecutionListener, org.springframework.boot.test.mock.mockito.ResetMocksTestExecutionListener, org.springframework.boot.test.autoconfigure.restdocs.RestDocsTestExecutionListener, org.springframework.boot.test.autoconfigure.web.client.MockRestServiceServerResetTestExecutionListener, org.springframework.boot.test.autoconfigure.web.servlet.MockMvcPrintOnlyOnFailureTestExecutionListener, org.springframework.boot.test.autoconfigure.web.servlet.WebDriverTestExecutionListener, org.springframework.test.context.web.ServletTestExecutionListener, org.springframework.test.context.support.DirtiesContextBeforeModesTestExecutionListener, org.springframework.test.context.support.DependencyInjectionTestExecutionListener, org.springframework.test.context.support.DirtiesContextTestExecutionListener, org.springframework.test.context.transaction.TransactionalTestExecutionListener, org.springframework.test.context.jdbc.SqlScriptsTestExecutionListener]
2019-09-20 11:10:55.501 [main] INFO  o.s.b.t.context.SpringBootTestContextBootstrapper - Using TestExecutionListeners: [org.springframework.test.context.support.DirtiesContextBeforeModesTestExecutionListener@6302bbb1, org.springframework.boot.test.mock.mockito.MockitoTestExecutionListener@31304f14, org.springframework.boot.test.autoconfigure.SpringBootDependencyInjectionTestExecutionListener@34a3d150, org.springframework.test.context.support.DirtiesContextTestExecutionListener@2a4fb17b, org.springframework.test.context.transaction.TransactionalTestExecutionListener@5c6648b0, org.springframework.test.context.jdbc.SqlScriptsTestExecutionListener@6f1de4c7, org.springframework.boot.test.mock.mockito.ResetMocksTestExecutionListener@459e9125, org.springframework.boot.test.autoconfigure.restdocs.RestDocsTestExecutionListener@128d2484, org.springframework.boot.test.autoconfigure.web.client.MockRestServiceServerResetTestExecutionListener@7cc0cdad, org.springframework.boot.test.autoconfigure.web.servlet.MockMvcPrintOnlyOnFailureTestExecutionListener@7c7b252e, org.springframework.boot.test.autoconfigure.web.servlet.WebDriverTestExecutionListener@4d5d943d]
2019-09-20 11:10:56.039 [main] INFO  o.a.d.s.b.c.event.WelcomeLogoApplicationListener - 

 :: Dubbo Spring Boot (v2.7.3) : https://github.com/apache/dubbo-spring-boot-project
 :: Dubbo (v2.7.3) : https://github.com/apache/incubator-dubbo
 :: Discuss group : dev@dubbo.apache.org

2019-09-20 11:10:56.045 [main] INFO  o.a.d.s.b.c.e.OverrideDubboConfigApplicationListener - Dubbo Config was overridden by externalized configuration {dubbo.application.name=service-dubbo, dubbo.application.qos-enable=false, dubbo.config.multiple=true, dubbo.registry.address=zookeeper://192.168.9.128:2181}
2019-09-20 11:10:56.272 [main] INFO  com.ego.test.MyTest - Starting MyTest on smallming with PID 3196 (started by smallming in C:\fast\ideaws\ego_parent\ego_serviceimpl)
2019-09-20 11:10:56.273 [main] INFO  com.ego.test.MyTest - The following profiles are active: mybatis
2019-09-20 11:10:56.878 [main] INFO  o.a.d.c.s.c.annotation.DubboConfigBindingRegistrar - The dubbo config bean definition [name : org.apache.dubbo.config.ApplicationConfig#0, class : org.apache.dubbo.config.ApplicationConfig] has been registered.
2019-09-20 11:10:56.879 [main] INFO  o.a.d.c.s.c.annotation.DubboConfigBindingRegistrar - The BeanPostProcessor bean definition [org.apache.dubbo.config.spring.beans.factory.annotation.DubboConfigBindingBeanPostProcessor] for dubbo config bean [name : org.apache.dubbo.config.ApplicationConfig#0] has been registered.
2019-09-20 11:10:56.880 [main] INFO  o.a.d.c.s.c.annotation.DubboConfigBindingRegistrar - The dubbo config bean definition [name : org.apache.dubbo.config.RegistryConfig#0, class : org.apache.dubbo.config.RegistryConfig] has been registered.
2019-09-20 11:10:56.880 [main] INFO  o.a.d.c.s.c.annotation.DubboConfigBindingRegistrar - The BeanPostProcessor bean definition [org.apache.dubbo.config.spring.beans.factory.annotation.DubboConfigBindingBeanPostProcessor] for dubbo config bean [name : org.apache.dubbo.config.RegistryConfig#0] has been registered.
2019-09-20 11:10:57.511 [main] INFO  o.s.c.s.PostProcessorRegistrationDelegate$BeanPostProcessorChecker - Bean 'org.apache.dubbo.spring.boot.autoconfigure.DubboRelaxedBinding2AutoConfiguration' of type [org.apache.dubbo.spring.boot.autoconfigure.DubboRelaxedBinding2AutoConfiguration$$EnhancerBySpringCGLIB$$4244f44f] is not eligible for getting processed by all BeanPostProcessors (for example: not eligible for auto-proxying)
2019-09-20 11:10:57.526 [main] INFO  o.s.c.s.PostProcessorRegistrationDelegate$BeanPostProcessorChecker - Bean 'org.springframework.transaction.annotation.ProxyTransactionManagementConfiguration' of type [org.springframework.transaction.annotation.ProxyTransactionManagementConfiguration$$EnhancerBySpringCGLIB$$8396a619] is not eligible for getting processed by all BeanPostProcessors (for example: not eligible for auto-proxying)
2019-09-20 11:10:57.599 [main] INFO  o.s.c.s.PostProcessorRegistrationDelegate$BeanPostProcessorChecker - Bean 'relaxedDubboConfigBinder' of type [org.apache.dubbo.spring.boot.autoconfigure.BinderDubboConfigBinder] is not eligible for getting processed by all BeanPostProcessors (for example: not eligible for auto-proxying)
2019-09-20 11:10:57.610 [main] INFO  o.s.c.s.PostProcessorRegistrationDelegate$BeanPostProcessorChecker - Bean 'relaxedDubboConfigBinder' of type [org.apache.dubbo.spring.boot.autoconfigure.BinderDubboConfigBinder] is not eligible for getting processed by all BeanPostProcessors (for example: not eligible for auto-proxying)
2019-09-20 11:10:57.672 [main] INFO  o.a.d.c.s.b.f.a.DubboConfigBindingBeanPostProcessor - The properties of bean [name : org.apache.dubbo.config.ApplicationConfig#0] have been binding by prefix of configuration properties : dubbo.application
2019-09-20 11:10:57.687 [main] INFO  o.a.d.c.s.b.f.a.DubboConfigBindingBeanPostProcessor - The properties of bean [name : org.apache.dubbo.config.RegistryConfig#0] have been binding by prefix of configuration properties : dubbo.registry
2019-09-20 11:10:59.287 [main] INFO  com.ego.test.MyTest - Started MyTest in 3.652 seconds (JVM running for 5.234)
2019-09-20 11:10:59.299 [pool-1-thread-1] INFO  o.a.d.s.b.c.e.AwaitingNonWebApplicationListener -  [Dubbo] Current Spring Boot Application is await...
2019-09-20 11:10:59.648 [main] INFO  com.zaxxer.hikari.HikariDataSource - HikariPool-1 - Starting...
2019-09-20 11:11:00.235 [main] INFO  com.zaxxer.hikari.HikariDataSource - HikariPool-1 - Start completed.
2019-09-20 11:11:00.244 [main] DEBUG com.ego.mapper.TbItemMapper.selectByPrimaryKey - ==>  Preparing: select id, title, sell_point, price, num, barcode, image, cid, status, created, updated from tb_item where id = ? 
2019-09-20 11:11:00.271 [main] DEBUG com.ego.mapper.TbItemMapper.selectByPrimaryKey - ==> Parameters: 536563(Long)
2019-09-20 11:11:00.290 [main] DEBUG com.ego.mapper.TbItemMapper.selectByPrimaryKey - <==      Total: 1
2019-09-20 11:11:00.299 [Thread-2] INFO  o.a.d.s.b.c.e.AwaitingNonWebApplicationListener -  [Dubbo] Current Spring Boot Application is about to shutdown...
2019-09-20 11:11:00.305 [Thread-2] INFO  com.zaxxer.hikari.HikariDataSource - HikariPool-1 - Shutdown initiated...
2019-09-20 11:11:00.308 [Thread-2] INFO  com.zaxxer.hikari.HikariDataSource - HikariPool-1 - Shutdown completed.
2019-09-20 11:11:00.312 [Thread-2] INFO  o.a.d.c.s.b.f.a.ReferenceAnnotationBeanPostProcessor - class org.apache.dubbo.config.spring.beans.factory.annotation.ReferenceAnnotationBeanPostProcessor was destroying!
2019-09-20 11:13:07.196 [main] INFO  o.s.b.t.context.SpringBootTestContextBootstrapper - Neither @ContextConfiguration nor @ContextHierarchy found for test class [com.ego.test.MyTest], using SpringBootContextLoader
2019-09-20 11:13:07.210 [main] INFO  o.s.test.context.support.AbstractContextLoader - Could not detect default resource locations for test class [com.ego.test.MyTest]: no resource found for suffixes {-context.xml, Context.groovy}.
2019-09-20 11:13:07.523 [main] INFO  o.s.b.t.context.SpringBootTestContextBootstrapper - Loaded default TestExecutionListener class names from location [META-INF/spring.factories]: [org.springframework.boot.test.mock.mockito.MockitoTestExecutionListener, org.springframework.boot.test.mock.mockito.ResetMocksTestExecutionListener, org.springframework.boot.test.autoconfigure.restdocs.RestDocsTestExecutionListener, org.springframework.boot.test.autoconfigure.web.client.MockRestServiceServerResetTestExecutionListener, org.springframework.boot.test.autoconfigure.web.servlet.MockMvcPrintOnlyOnFailureTestExecutionListener, org.springframework.boot.test.autoconfigure.web.servlet.WebDriverTestExecutionListener, org.springframework.test.context.web.ServletTestExecutionListener, org.springframework.test.context.support.DirtiesContextBeforeModesTestExecutionListener, org.springframework.test.context.support.DependencyInjectionTestExecutionListener, org.springframework.test.context.support.DirtiesContextTestExecutionListener, org.springframework.test.context.transaction.TransactionalTestExecutionListener, org.springframework.test.context.jdbc.SqlScriptsTestExecutionListener]
2019-09-20 11:13:07.551 [main] INFO  o.s.b.t.context.SpringBootTestContextBootstrapper - Using TestExecutionListeners: [org.springframework.test.context.support.DirtiesContextBeforeModesTestExecutionListener@47eaca72, org.springframework.boot.test.mock.mockito.MockitoTestExecutionListener@55141def, org.springframework.boot.test.autoconfigure.SpringBootDependencyInjectionTestExecutionListener@55182842, org.springframework.test.context.support.DirtiesContextTestExecutionListener@3270d194, org.springframework.test.context.transaction.TransactionalTestExecutionListener@235834f2, org.springframework.test.context.jdbc.SqlScriptsTestExecutionListener@5656be13, org.springframework.boot.test.mock.mockito.ResetMocksTestExecutionListener@4218d6a3, org.springframework.boot.test.autoconfigure.restdocs.RestDocsTestExecutionListener@76505305, org.springframework.boot.test.autoconfigure.web.client.MockRestServiceServerResetTestExecutionListener@14cd1699, org.springframework.boot.test.autoconfigure.web.servlet.MockMvcPrintOnlyOnFailureTestExecutionListener@77888435, org.springframework.boot.test.autoconfigure.web.servlet.WebDriverTestExecutionListener@73a1e9a9]
2019-09-20 11:13:08.053 [main] INFO  o.a.d.s.b.c.event.WelcomeLogoApplicationListener - 

 :: Dubbo Spring Boot (v2.7.3) : https://github.com/apache/dubbo-spring-boot-project
 :: Dubbo (v2.7.3) : https://github.com/apache/incubator-dubbo
 :: Discuss group : dev@dubbo.apache.org

2019-09-20 11:13:08.062 [main] INFO  o.a.d.s.b.c.e.OverrideDubboConfigApplicationListener - Dubbo Config was overridden by externalized configuration {dubbo.application.name=service-dubbo, dubbo.application.qos-enable=false, dubbo.config.multiple=true, dubbo.registry.address=zookeeper://192.168.9.128:2181}
2019-09-20 11:13:08.272 [main] INFO  com.ego.test.MyTest - Starting MyTest on smallming with PID 9904 (started by smallming in C:\fast\ideaws\ego_parent\ego_serviceimpl)
2019-09-20 11:13:08.272 [main] INFO  com.ego.test.MyTest - The following profiles are active: mybatis
2019-09-20 11:13:08.912 [main] INFO  o.a.d.c.s.c.annotation.DubboConfigBindingRegistrar - The dubbo config bean definition [name : org.apache.dubbo.config.ApplicationConfig#0, class : org.apache.dubbo.config.ApplicationConfig] has been registered.
2019-09-20 11:13:08.914 [main] INFO  o.a.d.c.s.c.annotation.DubboConfigBindingRegistrar - The BeanPostProcessor bean definition [org.apache.dubbo.config.spring.beans.factory.annotation.DubboConfigBindingBeanPostProcessor] for dubbo config bean [name : org.apache.dubbo.config.ApplicationConfig#0] has been registered.
2019-09-20 11:13:08.914 [main] INFO  o.a.d.c.s.c.annotation.DubboConfigBindingRegistrar - The dubbo config bean definition [name : org.apache.dubbo.config.RegistryConfig#0, class : org.apache.dubbo.config.RegistryConfig] has been registered.
2019-09-20 11:13:08.914 [main] INFO  o.a.d.c.s.c.annotation.DubboConfigBindingRegistrar - The BeanPostProcessor bean definition [org.apache.dubbo.config.spring.beans.factory.annotation.DubboConfigBindingBeanPostProcessor] for dubbo config bean [name : org.apache.dubbo.config.RegistryConfig#0] has been registered.
2019-09-20 11:13:09.542 [main] INFO  o.s.c.s.PostProcessorRegistrationDelegate$BeanPostProcessorChecker - Bean 'org.apache.dubbo.spring.boot.autoconfigure.DubboRelaxedBinding2AutoConfiguration' of type [org.apache.dubbo.spring.boot.autoconfigure.DubboRelaxedBinding2AutoConfiguration$$EnhancerBySpringCGLIB$$e99accfd] is not eligible for getting processed by all BeanPostProcessors (for example: not eligible for auto-proxying)
2019-09-20 11:13:09.560 [main] INFO  o.s.c.s.PostProcessorRegistrationDelegate$BeanPostProcessorChecker - Bean 'org.springframework.transaction.annotation.ProxyTransactionManagementConfiguration' of type [org.springframework.transaction.annotation.ProxyTransactionManagementConfiguration$$EnhancerBySpringCGLIB$$2aec7ec7] is not eligible for getting processed by all BeanPostProcessors (for example: not eligible for auto-proxying)
2019-09-20 11:13:09.635 [main] INFO  o.s.c.s.PostProcessorRegistrationDelegate$BeanPostProcessorChecker - Bean 'relaxedDubboConfigBinder' of type [org.apache.dubbo.spring.boot.autoconfigure.BinderDubboConfigBinder] is not eligible for getting processed by all BeanPostProcessors (for example: not eligible for auto-proxying)
2019-09-20 11:13:09.647 [main] INFO  o.s.c.s.PostProcessorRegistrationDelegate$BeanPostProcessorChecker - Bean 'relaxedDubboConfigBinder' of type [org.apache.dubbo.spring.boot.autoconfigure.BinderDubboConfigBinder] is not eligible for getting processed by all BeanPostProcessors (for example: not eligible for auto-proxying)
2019-09-20 11:13:09.711 [main] INFO  o.a.d.c.s.b.f.a.DubboConfigBindingBeanPostProcessor - The properties of bean [name : org.apache.dubbo.config.ApplicationConfig#0] have been binding by prefix of configuration properties : dubbo.application
2019-09-20 11:13:09.729 [main] INFO  o.a.d.c.s.b.f.a.DubboConfigBindingBeanPostProcessor - The properties of bean [name : org.apache.dubbo.config.RegistryConfig#0] have been binding by prefix of configuration properties : dubbo.registry
2019-09-20 11:13:11.281 [main] INFO  com.ego.test.MyTest - Started MyTest in 3.638 seconds (JVM running for 5.06)
2019-09-20 11:13:11.299 [pool-1-thread-1] INFO  o.a.d.s.b.c.e.AwaitingNonWebApplicationListener -  [Dubbo] Current Spring Boot Application is await...
2019-09-20 11:13:11.718 [main] INFO  com.zaxxer.hikari.HikariDataSource - HikariPool-1 - Starting...
2019-09-20 11:13:12.047 [main] INFO  com.zaxxer.hikari.HikariDataSource - HikariPool-1 - Start completed.
2019-09-20 11:13:12.059 [main] DEBUG com.ego.mapper.TbItemMapper.selectByExample - ==>  Preparing: select id, title, sell_point, price, num, barcode, image, cid, status, created, updated from tb_item 
2019-09-20 11:13:12.093 [main] DEBUG com.ego.mapper.TbItemMapper.selectByExample - ==> Parameters: 
2019-09-20 11:13:12.329 [main] DEBUG com.ego.mapper.TbItemMapper.selectByExample - <==      Total: 3096
2019-09-20 11:13:12.397 [Thread-2] INFO  o.a.d.s.b.c.e.AwaitingNonWebApplicationListener -  [Dubbo] Current Spring Boot Application is about to shutdown...
2019-09-20 11:13:12.403 [Thread-2] INFO  com.zaxxer.hikari.HikariDataSource - HikariPool-1 - Shutdown initiated...
2019-09-20 11:13:12.419 [Thread-2] INFO  com.zaxxer.hikari.HikariDataSource - HikariPool-1 - Shutdown completed.
2019-09-20 11:13:12.422 [Thread-2] INFO  o.a.d.c.s.b.f.a.ReferenceAnnotationBeanPostProcessor - class org.apache.dubbo.config.spring.beans.factory.annotation.ReferenceAnnotationBeanPostProcessor was destroying!
2019-09-20 11:14:50.601 [main] INFO  o.s.b.t.context.SpringBootTestContextBootstrapper - Neither @ContextConfiguration nor @ContextHierarchy found for test class [com.ego.test.MyTest], using SpringBootContextLoader
2019-09-20 11:14:50.620 [main] INFO  o.s.test.context.support.AbstractContextLoader - Could not detect default resource locations for test class [com.ego.test.MyTest]: no resource found for suffixes {-context.xml, Context.groovy}.
2019-09-20 11:14:50.936 [main] INFO  o.s.b.t.context.SpringBootTestContextBootstrapper - Loaded default TestExecutionListener class names from location [META-INF/spring.factories]: [org.springframework.boot.test.mock.mockito.MockitoTestExecutionListener, org.springframework.boot.test.mock.mockito.ResetMocksTestExecutionListener, org.springframework.boot.test.autoconfigure.restdocs.RestDocsTestExecutionListener, org.springframework.boot.test.autoconfigure.web.client.MockRestServiceServerResetTestExecutionListener, org.springframework.boot.test.autoconfigure.web.servlet.MockMvcPrintOnlyOnFailureTestExecutionListener, org.springframework.boot.test.autoconfigure.web.servlet.WebDriverTestExecutionListener, org.springframework.test.context.web.ServletTestExecutionListener, org.springframework.test.context.support.DirtiesContextBeforeModesTestExecutionListener, org.springframework.test.context.support.DependencyInjectionTestExecutionListener, org.springframework.test.context.support.DirtiesContextTestExecutionListener, org.springframework.test.context.transaction.TransactionalTestExecutionListener, org.springframework.test.context.jdbc.SqlScriptsTestExecutionListener]
2019-09-20 11:14:50.961 [main] INFO  o.s.b.t.context.SpringBootTestContextBootstrapper - Using TestExecutionListeners: [org.springframework.test.context.support.DirtiesContextBeforeModesTestExecutionListener@55141def, org.springframework.boot.test.mock.mockito.MockitoTestExecutionListener@55182842, org.springframework.boot.test.autoconfigure.SpringBootDependencyInjectionTestExecutionListener@3270d194, org.springframework.test.context.support.DirtiesContextTestExecutionListener@235834f2, org.springframework.test.context.transaction.TransactionalTestExecutionListener@5656be13, org.springframework.test.context.jdbc.SqlScriptsTestExecutionListener@4218d6a3, org.springframework.boot.test.mock.mockito.ResetMocksTestExecutionListener@76505305, org.springframework.boot.test.autoconfigure.restdocs.RestDocsTestExecutionListener@14cd1699, org.springframework.boot.test.autoconfigure.web.client.MockRestServiceServerResetTestExecutionListener@77888435, org.springframework.boot.test.autoconfigure.web.servlet.MockMvcPrintOnlyOnFailureTestExecutionListener@73a1e9a9, org.springframework.boot.test.autoconfigure.web.servlet.WebDriverTestExecutionListener@71d44a3]
2019-09-20 11:14:51.489 [main] INFO  o.a.d.s.b.c.event.WelcomeLogoApplicationListener - 

 :: Dubbo Spring Boot (v2.7.3) : https://github.com/apache/dubbo-spring-boot-project
 :: Dubbo (v2.7.3) : https://github.com/apache/incubator-dubbo
 :: Discuss group : dev@dubbo.apache.org

2019-09-20 11:14:51.494 [main] INFO  o.a.d.s.b.c.e.OverrideDubboConfigApplicationListener - Dubbo Config was overridden by externalized configuration {dubbo.application.name=service-dubbo, dubbo.application.qos-enable=false, dubbo.config.multiple=true, dubbo.registry.address=zookeeper://192.168.9.128:2181}
2019-09-20 11:14:51.725 [main] INFO  com.ego.test.MyTest - Starting MyTest on smallming with PID 11720 (started by smallming in C:\fast\ideaws\ego_parent\ego_serviceimpl)
2019-09-20 11:14:51.726 [main] INFO  com.ego.test.MyTest - The following profiles are active: mybatis
2019-09-20 11:14:52.416 [main] INFO  o.a.d.c.s.c.annotation.DubboConfigBindingRegistrar - The dubbo config bean definition [name : org.apache.dubbo.config.ApplicationConfig#0, class : org.apache.dubbo.config.ApplicationConfig] has been registered.
2019-09-20 11:14:52.418 [main] INFO  o.a.d.c.s.c.annotation.DubboConfigBindingRegistrar - The BeanPostProcessor bean definition [org.apache.dubbo.config.spring.beans.factory.annotation.DubboConfigBindingBeanPostProcessor] for dubbo config bean [name : org.apache.dubbo.config.ApplicationConfig#0] has been registered.
2019-09-20 11:14:52.419 [main] INFO  o.a.d.c.s.c.annotation.DubboConfigBindingRegistrar - The dubbo config bean definition [name : org.apache.dubbo.config.RegistryConfig#0, class : org.apache.dubbo.config.RegistryConfig] has been registered.
2019-09-20 11:14:52.419 [main] INFO  o.a.d.c.s.c.annotation.DubboConfigBindingRegistrar - The BeanPostProcessor bean definition [org.apache.dubbo.config.spring.beans.factory.annotation.DubboConfigBindingBeanPostProcessor] for dubbo config bean [name : org.apache.dubbo.config.RegistryConfig#0] has been registered.
2019-09-20 11:14:53.059 [main] INFO  o.s.c.s.PostProcessorRegistrationDelegate$BeanPostProcessorChecker - Bean 'org.apache.dubbo.spring.boot.autoconfigure.DubboRelaxedBinding2AutoConfiguration' of type [org.apache.dubbo.spring.boot.autoconfigure.DubboRelaxedBinding2AutoConfiguration$$EnhancerBySpringCGLIB$$f8935690] is not eligible for getting processed by all BeanPostProcessors (for example: not eligible for auto-proxying)
2019-09-20 11:14:53.080 [main] INFO  o.s.c.s.PostProcessorRegistrationDelegate$BeanPostProcessorChecker - Bean 'org.springframework.transaction.annotation.ProxyTransactionManagementConfiguration' of type [org.springframework.transaction.annotation.ProxyTransactionManagementConfiguration$$EnhancerBySpringCGLIB$$39e5085a] is not eligible for getting processed by all BeanPostProcessors (for example: not eligible for auto-proxying)
2019-09-20 11:14:53.157 [main] INFO  o.s.c.s.PostProcessorRegistrationDelegate$BeanPostProcessorChecker - Bean 'relaxedDubboConfigBinder' of type [org.apache.dubbo.spring.boot.autoconfigure.BinderDubboConfigBinder] is not eligible for getting processed by all BeanPostProcessors (for example: not eligible for auto-proxying)
2019-09-20 11:14:53.166 [main] INFO  o.s.c.s.PostProcessorRegistrationDelegate$BeanPostProcessorChecker - Bean 'relaxedDubboConfigBinder' of type [org.apache.dubbo.spring.boot.autoconfigure.BinderDubboConfigBinder] is not eligible for getting processed by all BeanPostProcessors (for example: not eligible for auto-proxying)
2019-09-20 11:14:53.236 [main] INFO  o.a.d.c.s.b.f.a.DubboConfigBindingBeanPostProcessor - The properties of bean [name : org.apache.dubbo.config.ApplicationConfig#0] have been binding by prefix of configuration properties : dubbo.application
2019-09-20 11:14:53.251 [main] INFO  o.a.d.c.s.b.f.a.DubboConfigBindingBeanPostProcessor - The properties of bean [name : org.apache.dubbo.config.RegistryConfig#0] have been binding by prefix of configuration properties : dubbo.registry
2019-09-20 11:14:54.847 [main] INFO  com.ego.test.MyTest - Started MyTest in 3.789 seconds (JVM running for 5.339)
2019-09-20 11:14:54.866 [pool-1-thread-1] INFO  o.a.d.s.b.c.e.AwaitingNonWebApplicationListener -  [Dubbo] Current Spring Boot Application is await...
2019-09-20 11:14:55.254 [main] INFO  com.zaxxer.hikari.HikariDataSource - HikariPool-1 - Starting...
2019-09-20 11:14:55.536 [main] INFO  com.zaxxer.hikari.HikariDataSource - HikariPool-1 - Start completed.
2019-09-20 11:14:55.549 [main] DEBUG com.ego.mapper.TbUserMapper.selectByExample - ==>  Preparing: select id, username, password, phone, email, created, updated from tb_user 
2019-09-20 11:14:55.580 [main] DEBUG com.ego.mapper.TbUserMapper.selectByExample - ==> Parameters: 
2019-09-20 11:14:55.611 [main] DEBUG com.ego.mapper.TbUserMapper.selectByExample - <==      Total: 16
2019-09-20 11:14:55.620 [Thread-2] INFO  o.a.d.s.b.c.e.AwaitingNonWebApplicationListener -  [Dubbo] Current Spring Boot Application is about to shutdown...
2019-09-20 11:14:55.626 [Thread-2] INFO  com.zaxxer.hikari.HikariDataSource - HikariPool-1 - Shutdown initiated...
2019-09-20 11:14:55.631 [Thread-2] INFO  com.zaxxer.hikari.HikariDataSource - HikariPool-1 - Shutdown completed.
2019-09-20 11:14:55.633 [Thread-2] INFO  o.a.d.c.s.b.f.a.ReferenceAnnotationBeanPostProcessor - class org.apache.dubbo.config.spring.beans.factory.annotation.ReferenceAnnotationBeanPostProcessor was destroying!
2019-09-20 11:16:52.077 [main] INFO  o.s.b.t.context.SpringBootTestContextBootstrapper - Neither @ContextConfiguration nor @ContextHierarchy found for test class [com.ego.test.MyTest], using SpringBootContextLoader
2019-09-20 11:16:52.091 [main] INFO  o.s.test.context.support.AbstractContextLoader - Could not detect default resource locations for test class [com.ego.test.MyTest]: no resource found for suffixes {-context.xml, Context.groovy}.
2019-09-20 11:16:52.420 [main] INFO  o.s.b.t.context.SpringBootTestContextBootstrapper - Loaded default TestExecutionListener class names from location [META-INF/spring.factories]: [org.springframework.boot.test.mock.mockito.MockitoTestExecutionListener, org.springframework.boot.test.mock.mockito.ResetMocksTestExecutionListener, org.springframework.boot.test.autoconfigure.restdocs.RestDocsTestExecutionListener, org.springframework.boot.test.autoconfigure.web.client.MockRestServiceServerResetTestExecutionListener, org.springframework.boot.test.autoconfigure.web.servlet.MockMvcPrintOnlyOnFailureTestExecutionListener, org.springframework.boot.test.autoconfigure.web.servlet.WebDriverTestExecutionListener, org.springframework.test.context.web.ServletTestExecutionListener, org.springframework.test.context.support.DirtiesContextBeforeModesTestExecutionListener, org.springframework.test.context.support.DependencyInjectionTestExecutionListener, org.springframework.test.context.support.DirtiesContextTestExecutionListener, org.springframework.test.context.transaction.TransactionalTestExecutionListener, org.springframework.test.context.jdbc.SqlScriptsTestExecutionListener]
2019-09-20 11:16:52.446 [main] INFO  o.s.b.t.context.SpringBootTestContextBootstrapper - Using TestExecutionListeners: [org.springframework.test.context.support.DirtiesContextBeforeModesTestExecutionListener@55141def, org.springframework.boot.test.mock.mockito.MockitoTestExecutionListener@55182842, org.springframework.boot.test.autoconfigure.SpringBootDependencyInjectionTestExecutionListener@3270d194, org.springframework.test.context.support.DirtiesContextTestExecutionListener@235834f2, org.springframework.test.context.transaction.TransactionalTestExecutionListener@5656be13, org.springframework.test.context.jdbc.SqlScriptsTestExecutionListener@4218d6a3, org.springframework.boot.test.mock.mockito.ResetMocksTestExecutionListener@76505305, org.springframework.boot.test.autoconfigure.restdocs.RestDocsTestExecutionListener@14cd1699, org.springframework.boot.test.autoconfigure.web.client.MockRestServiceServerResetTestExecutionListener@77888435, org.springframework.boot.test.autoconfigure.web.servlet.MockMvcPrintOnlyOnFailureTestExecutionListener@73a1e9a9, org.springframework.boot.test.autoconfigure.web.servlet.WebDriverTestExecutionListener@71d44a3]
2019-09-20 11:16:52.968 [main] INFO  o.a.d.s.b.c.event.WelcomeLogoApplicationListener - 

 :: Dubbo Spring Boot (v2.7.3) : https://github.com/apache/dubbo-spring-boot-project
 :: Dubbo (v2.7.3) : https://github.com/apache/incubator-dubbo
 :: Discuss group : dev@dubbo.apache.org

2019-09-20 11:16:52.974 [main] INFO  o.a.d.s.b.c.e.OverrideDubboConfigApplicationListener - Dubbo Config was overridden by externalized configuration {dubbo.application.name=service-dubbo, dubbo.application.qos-enable=false, dubbo.config.multiple=true, dubbo.registry.address=zookeeper://192.168.9.128:2181}
2019-09-20 11:16:53.169 [main] INFO  com.ego.test.MyTest - Starting MyTest on smallming with PID 424 (started by smallming in C:\fast\ideaws\ego_parent\ego_serviceimpl)
2019-09-20 11:16:53.169 [main] INFO  com.ego.test.MyTest - The following profiles are active: mybatis
2019-09-20 11:16:53.816 [main] INFO  o.a.d.c.s.c.annotation.DubboConfigBindingRegistrar - The dubbo config bean definition [name : org.apache.dubbo.config.ApplicationConfig#0, class : org.apache.dubbo.config.ApplicationConfig] has been registered.
2019-09-20 11:16:53.818 [main] INFO  o.a.d.c.s.c.annotation.DubboConfigBindingRegistrar - The BeanPostProcessor bean definition [org.apache.dubbo.config.spring.beans.factory.annotation.DubboConfigBindingBeanPostProcessor] for dubbo config bean [name : org.apache.dubbo.config.ApplicationConfig#0] has been registered.
2019-09-20 11:16:53.818 [main] INFO  o.a.d.c.s.c.annotation.DubboConfigBindingRegistrar - The dubbo config bean definition [name : org.apache.dubbo.config.RegistryConfig#0, class : org.apache.dubbo.config.RegistryConfig] has been registered.
2019-09-20 11:16:53.818 [main] INFO  o.a.d.c.s.c.annotation.DubboConfigBindingRegistrar - The BeanPostProcessor bean definition [org.apache.dubbo.config.spring.beans.factory.annotation.DubboConfigBindingBeanPostProcessor] for dubbo config bean [name : org.apache.dubbo.config.RegistryConfig#0] has been registered.
2019-09-20 11:16:54.431 [main] INFO  o.s.c.s.PostProcessorRegistrationDelegate$BeanPostProcessorChecker - Bean 'org.apache.dubbo.spring.boot.autoconfigure.DubboRelaxedBinding2AutoConfiguration' of type [org.apache.dubbo.spring.boot.autoconfigure.DubboRelaxedBinding2AutoConfiguration$$EnhancerBySpringCGLIB$$47cb8fb1] is not eligible for getting processed by all BeanPostProcessors (for example: not eligible for auto-proxying)
2019-09-20 11:16:54.444 [main] INFO  o.s.c.s.PostProcessorRegistrationDelegate$BeanPostProcessorChecker - Bean 'org.springframework.transaction.annotation.ProxyTransactionManagementConfiguration' of type [org.springframework.transaction.annotation.ProxyTransactionManagementConfiguration$$EnhancerBySpringCGLIB$$891d417b] is not eligible for getting processed by all BeanPostProcessors (for example: not eligible for auto-proxying)
2019-09-20 11:16:54.517 [main] INFO  o.s.c.s.PostProcessorRegistrationDelegate$BeanPostProcessorChecker - Bean 'relaxedDubboConfigBinder' of type [org.apache.dubbo.spring.boot.autoconfigure.BinderDubboConfigBinder] is not eligible for getting processed by all BeanPostProcessors (for example: not eligible for auto-proxying)
2019-09-20 11:16:54.526 [main] INFO  o.s.c.s.PostProcessorRegistrationDelegate$BeanPostProcessorChecker - Bean 'relaxedDubboConfigBinder' of type [org.apache.dubbo.spring.boot.autoconfigure.BinderDubboConfigBinder] is not eligible for getting processed by all BeanPostProcessors (for example: not eligible for auto-proxying)
2019-09-20 11:16:54.590 [main] INFO  o.a.d.c.s.b.f.a.DubboConfigBindingBeanPostProcessor - The properties of bean [name : org.apache.dubbo.config.ApplicationConfig#0] have been binding by prefix of configuration properties : dubbo.application
2019-09-20 11:16:54.608 [main] INFO  o.a.d.c.s.b.f.a.DubboConfigBindingBeanPostProcessor - The properties of bean [name : org.apache.dubbo.config.RegistryConfig#0] have been binding by prefix of configuration properties : dubbo.registry
2019-09-20 11:16:56.167 [main] INFO  com.ego.test.MyTest - Started MyTest in 3.629 seconds (JVM running for 5.099)
2019-09-20 11:16:56.275 [pool-1-thread-1] INFO  o.a.d.s.b.c.e.AwaitingNonWebApplicationListener -  [Dubbo] Current Spring Boot Application is await...
2019-09-20 11:16:56.702 [main] INFO  com.zaxxer.hikari.HikariDataSource - HikariPool-1 - Starting...
2019-09-20 11:16:57.277 [main] INFO  com.zaxxer.hikari.HikariDataSource - HikariPool-1 - Start completed.
2019-09-20 11:16:57.288 [main] DEBUG com.ego.mapper.TbUserMapper.selectByExample - ==>  Preparing: select id, username, password, phone, email, created, updated from tb_user WHERE ( id = ? ) 
2019-09-20 11:16:57.312 [main] DEBUG com.ego.mapper.TbUserMapper.selectByExample - ==> Parameters: 18(Long)
2019-09-20 11:16:57.330 [main] DEBUG com.ego.mapper.TbUserMapper.selectByExample - <==      Total: 1
2019-09-20 11:16:57.341 [Thread-2] INFO  o.a.d.s.b.c.e.AwaitingNonWebApplicationListener -  [Dubbo] Current Spring Boot Application is about to shutdown...
2019-09-20 11:16:57.347 [Thread-2] INFO  com.zaxxer.hikari.HikariDataSource - HikariPool-1 - Shutdown initiated...
2019-09-20 11:16:57.350 [Thread-2] INFO  com.zaxxer.hikari.HikariDataSource - HikariPool-1 - Shutdown completed.
2019-09-20 11:16:57.352 [Thread-2] INFO  o.a.d.c.s.b.f.a.ReferenceAnnotationBeanPostProcessor - class org.apache.dubbo.config.spring.beans.factory.annotation.ReferenceAnnotationBeanPostProcessor was destroying!
2019-09-20 11:17:29.554 [main] INFO  o.s.b.t.context.SpringBootTestContextBootstrapper - Neither @ContextConfiguration nor @ContextHierarchy found for test class [com.ego.test.MyTest], using SpringBootContextLoader
2019-09-20 11:17:29.565 [main] INFO  o.s.test.context.support.AbstractContextLoader - Could not detect default resource locations for test class [com.ego.test.MyTest]: no resource found for suffixes {-context.xml, Context.groovy}.
2019-09-20 11:17:29.880 [main] INFO  o.s.b.t.context.SpringBootTestContextBootstrapper - Loaded default TestExecutionListener class names from location [META-INF/spring.factories]: [org.springframework.boot.test.mock.mockito.MockitoTestExecutionListener, org.springframework.boot.test.mock.mockito.ResetMocksTestExecutionListener, org.springframework.boot.test.autoconfigure.restdocs.RestDocsTestExecutionListener, org.springframework.boot.test.autoconfigure.web.client.MockRestServiceServerResetTestExecutionListener, org.springframework.boot.test.autoconfigure.web.servlet.MockMvcPrintOnlyOnFailureTestExecutionListener, org.springframework.boot.test.autoconfigure.web.servlet.WebDriverTestExecutionListener, org.springframework.test.context.web.ServletTestExecutionListener, org.springframework.test.context.support.DirtiesContextBeforeModesTestExecutionListener, org.springframework.test.context.support.DependencyInjectionTestExecutionListener, org.springframework.test.context.support.DirtiesContextTestExecutionListener, org.springframework.test.context.transaction.TransactionalTestExecutionListener, org.springframework.test.context.jdbc.SqlScriptsTestExecutionListener]
2019-09-20 11:17:29.902 [main] INFO  o.s.b.t.context.SpringBootTestContextBootstrapper - Using TestExecutionListeners: [org.springframework.test.context.support.DirtiesContextBeforeModesTestExecutionListener@55141def, org.springframework.boot.test.mock.mockito.MockitoTestExecutionListener@55182842, org.springframework.boot.test.autoconfigure.SpringBootDependencyInjectionTestExecutionListener@3270d194, org.springframework.test.context.support.DirtiesContextTestExecutionListener@235834f2, org.springframework.test.context.transaction.TransactionalTestExecutionListener@5656be13, org.springframework.test.context.jdbc.SqlScriptsTestExecutionListener@4218d6a3, org.springframework.boot.test.mock.mockito.ResetMocksTestExecutionListener@76505305, org.springframework.boot.test.autoconfigure.restdocs.RestDocsTestExecutionListener@14cd1699, org.springframework.boot.test.autoconfigure.web.client.MockRestServiceServerResetTestExecutionListener@77888435, org.springframework.boot.test.autoconfigure.web.servlet.MockMvcPrintOnlyOnFailureTestExecutionListener@73a1e9a9, org.springframework.boot.test.autoconfigure.web.servlet.WebDriverTestExecutionListener@71d44a3]
2019-09-20 11:17:30.436 [main] INFO  o.a.d.s.b.c.event.WelcomeLogoApplicationListener - 

 :: Dubbo Spring Boot (v2.7.3) : https://github.com/apache/dubbo-spring-boot-project
 :: Dubbo (v2.7.3) : https://github.com/apache/incubator-dubbo
 :: Discuss group : dev@dubbo.apache.org

2019-09-20 11:17:30.443 [main] INFO  o.a.d.s.b.c.e.OverrideDubboConfigApplicationListener - Dubbo Config was overridden by externalized configuration {dubbo.application.name=service-dubbo, dubbo.application.qos-enable=false, dubbo.config.multiple=true, dubbo.registry.address=zookeeper://192.168.9.128:2181}
2019-09-20 11:17:30.751 [main] INFO  com.ego.test.MyTest - Starting MyTest on smallming with PID 4876 (started by smallming in C:\fast\ideaws\ego_parent\ego_serviceimpl)
2019-09-20 11:17:30.751 [main] INFO  com.ego.test.MyTest - The following profiles are active: mybatis
2019-09-20 11:17:31.365 [main] INFO  o.a.d.c.s.c.annotation.DubboConfigBindingRegistrar - The dubbo config bean definition [name : org.apache.dubbo.config.ApplicationConfig#0, class : org.apache.dubbo.config.ApplicationConfig] has been registered.
2019-09-20 11:17:31.366 [main] INFO  o.a.d.c.s.c.annotation.DubboConfigBindingRegistrar - The BeanPostProcessor bean definition [org.apache.dubbo.config.spring.beans.factory.annotation.DubboConfigBindingBeanPostProcessor] for dubbo config bean [name : org.apache.dubbo.config.ApplicationConfig#0] has been registered.
2019-09-20 11:17:31.367 [main] INFO  o.a.d.c.s.c.annotation.DubboConfigBindingRegistrar - The dubbo config bean definition [name : org.apache.dubbo.config.RegistryConfig#0, class : org.apache.dubbo.config.RegistryConfig] has been registered.
2019-09-20 11:17:31.367 [main] INFO  o.a.d.c.s.c.annotation.DubboConfigBindingRegistrar - The BeanPostProcessor bean definition [org.apache.dubbo.config.spring.beans.factory.annotation.DubboConfigBindingBeanPostProcessor] for dubbo config bean [name : org.apache.dubbo.config.RegistryConfig#0] has been registered.
2019-09-20 11:17:31.996 [main] INFO  o.s.c.s.PostProcessorRegistrationDelegate$BeanPostProcessorChecker - Bean 'org.apache.dubbo.spring.boot.autoconfigure.DubboRelaxedBinding2AutoConfiguration' of type [org.apache.dubbo.spring.boot.autoconfigure.DubboRelaxedBinding2AutoConfiguration$$EnhancerBySpringCGLIB$$47cb8fb1] is not eligible for getting processed by all BeanPostProcessors (for example: not eligible for auto-proxying)
2019-09-20 11:17:32.016 [main] INFO  o.s.c.s.PostProcessorRegistrationDelegate$BeanPostProcessorChecker - Bean 'org.springframework.transaction.annotation.ProxyTransactionManagementConfiguration' of type [org.springframework.transaction.annotation.ProxyTransactionManagementConfiguration$$EnhancerBySpringCGLIB$$891d417b] is not eligible for getting processed by all BeanPostProcessors (for example: not eligible for auto-proxying)
2019-09-20 11:17:32.095 [main] INFO  o.s.c.s.PostProcessorRegistrationDelegate$BeanPostProcessorChecker - Bean 'relaxedDubboConfigBinder' of type [org.apache.dubbo.spring.boot.autoconfigure.BinderDubboConfigBinder] is not eligible for getting processed by all BeanPostProcessors (for example: not eligible for auto-proxying)
2019-09-20 11:17:32.105 [main] INFO  o.s.c.s.PostProcessorRegistrationDelegate$BeanPostProcessorChecker - Bean 'relaxedDubboConfigBinder' of type [org.apache.dubbo.spring.boot.autoconfigure.BinderDubboConfigBinder] is not eligible for getting processed by all BeanPostProcessors (for example: not eligible for auto-proxying)
2019-09-20 11:17:32.172 [main] INFO  o.a.d.c.s.b.f.a.DubboConfigBindingBeanPostProcessor - The properties of bean [name : org.apache.dubbo.config.ApplicationConfig#0] have been binding by prefix of configuration properties : dubbo.application
2019-09-20 11:17:32.188 [main] INFO  o.a.d.c.s.b.f.a.DubboConfigBindingBeanPostProcessor - The properties of bean [name : org.apache.dubbo.config.RegistryConfig#0] have been binding by prefix of configuration properties : dubbo.registry
2019-09-20 11:17:33.716 [main] INFO  com.ego.test.MyTest - Started MyTest in 3.719 seconds (JVM running for 5.105)
2019-09-20 11:17:33.724 [pool-1-thread-1] INFO  o.a.d.s.b.c.e.AwaitingNonWebApplicationListener -  [Dubbo] Current Spring Boot Application is await...
2019-09-20 11:17:34.185 [main] INFO  com.zaxxer.hikari.HikariDataSource - HikariPool-1 - Starting...
2019-09-20 11:17:34.779 [main] INFO  com.zaxxer.hikari.HikariDataSource - HikariPool-1 - Start completed.
2019-09-20 11:17:34.790 [main] DEBUG com.ego.mapper.TbUserMapper.selectByExample - ==>  Preparing: select id, username, password, phone, email, created, updated from tb_user WHERE ( id = ? and username = ? ) 
2019-09-20 11:17:34.817 [main] DEBUG com.ego.mapper.TbUserMapper.selectByExample - ==> Parameters: 18(Long), abc(String)
2019-09-20 11:17:34.830 [main] DEBUG com.ego.mapper.TbUserMapper.selectByExample - <==      Total: 0
2019-09-20 11:17:34.839 [Thread-2] INFO  o.a.d.s.b.c.e.AwaitingNonWebApplicationListener -  [Dubbo] Current Spring Boot Application is about to shutdown...
2019-09-20 11:17:34.846 [Thread-2] INFO  com.zaxxer.hikari.HikariDataSource - HikariPool-1 - Shutdown initiated...
2019-09-20 11:17:34.849 [Thread-2] INFO  com.zaxxer.hikari.HikariDataSource - HikariPool-1 - Shutdown completed.
2019-09-20 11:17:34.852 [Thread-2] INFO  o.a.d.c.s.b.f.a.ReferenceAnnotationBeanPostProcessor - class org.apache.dubbo.config.spring.beans.factory.annotation.ReferenceAnnotationBeanPostProcessor was destroying!
2019-09-20 11:28:06.835 [main] INFO  o.s.b.t.context.SpringBootTestContextBootstrapper - Neither @ContextConfiguration nor @ContextHierarchy found for test class [com.ego.test.MyTest], using SpringBootContextLoader
2019-09-20 11:28:06.853 [main] INFO  o.s.test.context.support.AbstractContextLoader - Could not detect default resource locations for test class [com.ego.test.MyTest]: no resource found for suffixes {-context.xml, Context.groovy}.
2019-09-20 11:28:07.241 [main] INFO  o.s.b.t.context.SpringBootTestContextBootstrapper - Loaded default TestExecutionListener class names from location [META-INF/spring.factories]: [org.springframework.boot.test.mock.mockito.MockitoTestExecutionListener, org.springframework.boot.test.mock.mockito.ResetMocksTestExecutionListener, org.springframework.boot.test.autoconfigure.restdocs.RestDocsTestExecutionListener, org.springframework.boot.test.autoconfigure.web.client.MockRestServiceServerResetTestExecutionListener, org.springframework.boot.test.autoconfigure.web.servlet.MockMvcPrintOnlyOnFailureTestExecutionListener, org.springframework.boot.test.autoconfigure.web.servlet.WebDriverTestExecutionListener, org.springframework.test.context.web.ServletTestExecutionListener, org.springframework.test.context.support.DirtiesContextBeforeModesTestExecutionListener, org.springframework.test.context.support.DependencyInjectionTestExecutionListener, org.springframework.test.context.support.DirtiesContextTestExecutionListener, org.springframework.test.context.transaction.TransactionalTestExecutionListener, org.springframework.test.context.jdbc.SqlScriptsTestExecutionListener]
2019-09-20 11:28:07.281 [main] INFO  o.s.b.t.context.SpringBootTestContextBootstrapper - Using TestExecutionListeners: [org.springframework.test.context.support.DirtiesContextBeforeModesTestExecutionListener@128d2484, org.springframework.boot.test.mock.mockito.MockitoTestExecutionListener@7cc0cdad, org.springframework.boot.test.autoconfigure.SpringBootDependencyInjectionTestExecutionListener@7c7b252e, org.springframework.test.context.support.DirtiesContextTestExecutionListener@4d5d943d, org.springframework.test.context.transaction.TransactionalTestExecutionListener@368f2016, org.springframework.test.context.jdbc.SqlScriptsTestExecutionListener@4c583ecf, org.springframework.boot.test.mock.mockito.ResetMocksTestExecutionListener@692f203f, org.springframework.boot.test.autoconfigure.restdocs.RestDocsTestExecutionListener@48f2bd5b, org.springframework.boot.test.autoconfigure.web.client.MockRestServiceServerResetTestExecutionListener@7b2bbc3, org.springframework.boot.test.autoconfigure.web.servlet.MockMvcPrintOnlyOnFailureTestExecutionListener@a1153bc, org.springframework.boot.test.autoconfigure.web.servlet.WebDriverTestExecutionListener@1aafa419]
2019-09-20 11:28:07.848 [main] INFO  o.a.d.s.b.c.event.WelcomeLogoApplicationListener - 

 :: Dubbo Spring Boot (v2.7.3) : https://github.com/apache/dubbo-spring-boot-project
 :: Dubbo (v2.7.3) : https://github.com/apache/incubator-dubbo
 :: Discuss group : dev@dubbo.apache.org

2019-09-20 11:28:07.852 [main] INFO  o.a.d.s.b.c.e.OverrideDubboConfigApplicationListener - Dubbo Config was overridden by externalized configuration {dubbo.application.name=service-dubbo, dubbo.application.qos-enable=false, dubbo.config.multiple=true, dubbo.registry.address=zookeeper://192.168.9.128:2181}
2019-09-20 11:28:08.081 [main] INFO  com.ego.test.MyTest - Starting MyTest on smallming with PID 8048 (started by smallming in C:\fast\ideaws\ego_parent\ego_serviceimpl)
2019-09-20 11:28:08.081 [main] INFO  com.ego.test.MyTest - The following profiles are active: mybatis
2019-09-20 11:28:09.027 [main] INFO  o.a.d.c.s.c.annotation.DubboConfigBindingRegistrar - The dubbo config bean definition [name : org.apache.dubbo.config.ApplicationConfig#0, class : org.apache.dubbo.config.ApplicationConfig] has been registered.
2019-09-20 11:28:09.029 [main] INFO  o.a.d.c.s.c.annotation.DubboConfigBindingRegistrar - The BeanPostProcessor bean definition [org.apache.dubbo.config.spring.beans.factory.annotation.DubboConfigBindingBeanPostProcessor] for dubbo config bean [name : org.apache.dubbo.config.ApplicationConfig#0] has been registered.
2019-09-20 11:28:09.030 [main] INFO  o.a.d.c.s.c.annotation.DubboConfigBindingRegistrar - The dubbo config bean definition [name : org.apache.dubbo.config.RegistryConfig#0, class : org.apache.dubbo.config.RegistryConfig] has been registered.
2019-09-20 11:28:09.031 [main] INFO  o.a.d.c.s.c.annotation.DubboConfigBindingRegistrar - The BeanPostProcessor bean definition [org.apache.dubbo.config.spring.beans.factory.annotation.DubboConfigBindingBeanPostProcessor] for dubbo config bean [name : org.apache.dubbo.config.RegistryConfig#0] has been registered.
2019-09-20 11:28:09.814 [main] INFO  o.s.c.s.PostProcessorRegistrationDelegate$BeanPostProcessorChecker - Bean 'org.apache.dubbo.spring.boot.autoconfigure.DubboRelaxedBinding2AutoConfiguration' of type [org.apache.dubbo.spring.boot.autoconfigure.DubboRelaxedBinding2AutoConfiguration$$EnhancerBySpringCGLIB$$1d703ae7] is not eligible for getting processed by all BeanPostProcessors (for example: not eligible for auto-proxying)
2019-09-20 11:28:09.833 [main] INFO  o.s.c.s.PostProcessorRegistrationDelegate$BeanPostProcessorChecker - Bean 'org.springframework.transaction.annotation.ProxyTransactionManagementConfiguration' of type [org.springframework.transaction.annotation.ProxyTransactionManagementConfiguration$$EnhancerBySpringCGLIB$$5ec1ecb1] is not eligible for getting processed by all BeanPostProcessors (for example: not eligible for auto-proxying)
2019-09-20 11:28:09.919 [main] INFO  o.s.c.s.PostProcessorRegistrationDelegate$BeanPostProcessorChecker - Bean 'relaxedDubboConfigBinder' of type [org.apache.dubbo.spring.boot.autoconfigure.BinderDubboConfigBinder] is not eligible for getting processed by all BeanPostProcessors (for example: not eligible for auto-proxying)
2019-09-20 11:28:09.929 [main] INFO  o.s.c.s.PostProcessorRegistrationDelegate$BeanPostProcessorChecker - Bean 'relaxedDubboConfigBinder' of type [org.apache.dubbo.spring.boot.autoconfigure.BinderDubboConfigBinder] is not eligible for getting processed by all BeanPostProcessors (for example: not eligible for auto-proxying)
2019-09-20 11:28:09.996 [main] INFO  o.a.d.c.s.b.f.a.DubboConfigBindingBeanPostProcessor - The properties of bean [name : org.apache.dubbo.config.ApplicationConfig#0] have been binding by prefix of configuration properties : dubbo.application
2019-09-20 11:28:10.020 [main] INFO  o.a.d.c.s.b.f.a.DubboConfigBindingBeanPostProcessor - The properties of bean [name : org.apache.dubbo.config.RegistryConfig#0] have been binding by prefix of configuration properties : dubbo.registry
2019-09-20 11:28:12.124 [main] INFO  org.apache.zookeeper.ZooKeeper - Client environment:zookeeper.version=3.5.4-beta-7f51e5b68cf2f80176ff944a9ebd2abbc65e7327, built on 05/11/2018 16:27 GMT
2019-09-20 11:28:12.125 [main] INFO  org.apache.zookeeper.ZooKeeper - Client environment:host.name=smallming
2019-09-20 11:28:12.126 [main] INFO  org.apache.zookeeper.ZooKeeper - Client environment:java.version=1.8.0_221
2019-09-20 11:28:12.126 [main] INFO  org.apache.zookeeper.ZooKeeper - Client environment:java.vendor=Oracle Corporation
2019-09-20 11:28:12.127 [main] INFO  org.apache.zookeeper.ZooKeeper - Client environment:java.home=C:\fast\jdk8\jdk1.8.0_221\jre
2019-09-20 11:28:12.127 [main] INFO  org.apache.zookeeper.ZooKeeper - Client environment:java.class.path=C:\fast\idea\lib\idea_rt.jar;C:\fast\idea\plugins\junit\lib\junit-rt.jar;C:\fast\idea\plugins\junit\lib\junit5-rt.jar;C:\fast\jdk8\jdk1.8.0_221\jre\lib\charsets.jar;C:\fast\jdk8\jdk1.8.0_221\jre\lib\deploy.jar;C:\fast\jdk8\jdk1.8.0_221\jre\lib\ext\access-bridge-64.jar;C:\fast\jdk8\jdk1.8.0_221\jre\lib\ext\cldrdata.jar;C:\fast\jdk8\jdk1.8.0_221\jre\lib\ext\dnsns.jar;C:\fast\jdk8\jdk1.8.0_221\jre\lib\ext\jaccess.jar;C:\fast\jdk8\jdk1.8.0_221\jre\lib\ext\jfxrt.jar;C:\fast\jdk8\jdk1.8.0_221\jre\lib\ext\localedata.jar;C:\fast\jdk8\jdk1.8.0_221\jre\lib\ext\nashorn.jar;C:\fast\jdk8\jdk1.8.0_221\jre\lib\ext\sunec.jar;C:\fast\jdk8\jdk1.8.0_221\jre\lib\ext\sunjce_provider.jar;C:\fast\jdk8\jdk1.8.0_221\jre\lib\ext\sunmscapi.jar;C:\fast\jdk8\jdk1.8.0_221\jre\lib\ext\sunpkcs11.jar;C:\fast\jdk8\jdk1.8.0_221\jre\lib\ext\zipfs.jar;C:\fast\jdk8\jdk1.8.0_221\jre\lib\javaws.jar;C:\fast\jdk8\jdk1.8.0_221\jre\lib\jce.jar;C:\fast\jdk8\jdk1.8.0_221\jre\lib\jfr.jar;C:\fast\jdk8\jdk1.8.0_221\jre\lib\jfxswt.jar;C:\fast\jdk8\jdk1.8.0_221\jre\lib\jsse.jar;C:\fast\jdk8\jdk1.8.0_221\jre\lib\management-agent.jar;C:\fast\jdk8\jdk1.8.0_221\jre\lib\plugin.jar;C:\fast\jdk8\jdk1.8.0_221\jre\lib\resources.jar;C:\fast\jdk8\jdk1.8.0_221\jre\lib\rt.jar;C:\fast\ideaws\ego_parent\ego_serviceimpl\target\test-classes;C:\fast\ideaws\ego_parent\ego_serviceimpl\target\classes;C:\fast\ideaws\ego_parent\ego_service\target\classes;C:\fast\ideaws\ego_parent\ego_pojo\target\classes;C:\fast\ideaws\ego_parent\ego_mapper\target\classes;D:\repository\org\mybatis\spring\boot\mybatis-spring-boot-starter\2.1.0\mybatis-spring-boot-starter-2.1.0.jar;D:\repository\org\springframework\boot\spring-boot-starter-jdbc\2.1.8.RELEASE\spring-boot-starter-jdbc-2.1.8.RELEASE.jar;D:\repository\com\zaxxer\HikariCP\3.2.0\HikariCP-3.2.0.jar;D:\repository\org\springframework\spring-jdbc\5.1.9.RELEASE\spring-jdbc-5.1.9.RELEASE.jar;D:\repository\org\springframework\spring-tx\5.1.9.RELEASE\spring-tx-5.1.9.RELEASE.jar;D:\repository\org\mybatis\spring\boot\mybatis-spring-boot-autoconfigure\2.1.0\mybatis-spring-boot-autoconfigure-2.1.0.jar;D:\repository\org\mybatis\mybatis\3.5.2\mybatis-3.5.2.jar;D:\repository\org\mybatis\mybatis-spring\2.0.2\mybatis-spring-2.0.2.jar;D:\repository\mysql\mysql-connector-java\5.1.47\mysql-connector-java-5.1.47.jar;D:\repository\com\github\pagehelper\pagehelper\4.1.6\pagehelper-4.1.6.jar;D:\repository\com\github\jsqlparser\jsqlparser\0.9.5\jsqlparser-0.9.5.jar;D:\repository\org\springframework\boot\spring-boot-starter\2.1.8.RELEASE\spring-boot-starter-2.1.8.RELEASE.jar;D:\repository\org\springframework\boot\spring-boot\2.1.8.RELEASE\spring-boot-2.1.8.RELEASE.jar;D:\repository\org\springframework\spring-context\5.1.9.RELEASE\spring-context-5.1.9.RELEASE.jar;D:\repository\org\springframework\spring-aop\5.1.9.RELEASE\spring-aop-5.1.9.RELEASE.jar;D:\repository\org\springframework\spring-beans\5.1.9.RELEASE\spring-beans-5.1.9.RELEASE.jar;D:\repository\org\springframework\spring-expression\5.1.9.RELEASE\spring-expression-5.1.9.RELEASE.jar;D:\repository\org\springframework\boot\spring-boot-autoconfigure\2.1.8.RELEASE\spring-boot-autoconfigure-2.1.8.RELEASE.jar;D:\repository\org\springframework\boot\spring-boot-starter-logging\2.1.8.RELEASE\spring-boot-starter-logging-2.1.8.RELEASE.jar;D:\repository\ch\qos\logback\logback-classic\1.2.3\logback-classic-1.2.3.jar;D:\repository\ch\qos\logback\logback-core\1.2.3\logback-core-1.2.3.jar;D:\repository\org\apache\logging\log4j\log4j-to-slf4j\2.11.2\log4j-to-slf4j-2.11.2.jar;D:\repository\org\apache\logging\log4j\log4j-api\2.11.2\log4j-api-2.11.2.jar;D:\repository\org\slf4j\jul-to-slf4j\1.7.28\jul-to-slf4j-1.7.28.jar;D:\repository\javax\annotation\javax.annotation-api\1.3.2\javax.annotation-api-1.3.2.jar;D:\repository\org\springframework\spring-core\5.1.9.RELEASE\spring-core-5.1.9.RELEASE.jar;D:\repository\org\springframework\spring-jcl\5.1.9.RELEASE\spring-jcl-5.1.9.RELEASE.jar;D:\repository\org\yaml\snakeyaml\1.23\snakeyaml-1.23.jar;D:\repository\org\apache\dubbo\dubbo-spring-boot-starter\2.7.3\dubbo-spring-boot-starter-2.7.3.jar;D:\repository\org\apache\dubbo\dubbo-spring-boot-autoconfigure\2.7.3\dubbo-spring-boot-autoconfigure-2.7.3.jar;D:\repository\org\apache\dubbo\dubbo-spring-boot-autoconfigure-compatible\2.7.3\dubbo-spring-boot-autoconfigure-compatible-2.7.3.jar;D:\repository\org\apache\dubbo\dubbo\2.7.3\dubbo-2.7.3.jar;D:\repository\org\javassist\javassist\3.20.0-GA\javassist-3.20.0-GA.jar;D:\repository\io\netty\netty-all\4.1.39.Final\netty-all-4.1.39.Final.jar;D:\repository\com\google\code\gson\gson\2.8.5\gson-2.8.5.jar;D:\repository\org\apache\curator\curator-recipes\4.2.0\curator-recipes-4.2.0.jar;D:\repository\org\apache\curator\curator-framework\4.2.0\curator-framework-4.2.0.jar;D:\repository\org\apache\curator\curator-client\4.2.0\curator-client-4.2.0.jar;D:\repository\org\apache\zookeeper\zookeeper\3.5.4-beta\zookeeper-3.5.4-beta.jar;D:\repository\commons-cli\commons-cli\1.2\commons-cli-1.2.jar;D:\repository\log4j\log4j\1.2.17\log4j-1.2.17.jar;D:\repository\org\apache\yetus\audience-annotations\0.5.0\audience-annotations-0.5.0.jar;D:\repository\io\netty\netty\3.10.6.Final\netty-3.10.6.Final.jar;D:\repository\com\google\guava\guava\27.0.1-jre\guava-27.0.1-jre.jar;D:\repository\com\google\guava\failureaccess\1.0.1\failureaccess-1.0.1.jar;D:\repository\com\google\guava\listenablefuture\9999.0-empty-to-avoid-conflict-with-guava\listenablefuture-9999.0-empty-to-avoid-conflict-with-guava.jar;D:\repository\com\google\code\findbugs\jsr305\3.0.2\jsr305-3.0.2.jar;D:\repository\org\checkerframework\checker-qual\2.5.2\checker-qual-2.5.2.jar;D:\repository\com\google\errorprone\error_prone_annotations\2.2.0\error_prone_annotations-2.2.0.jar;D:\repository\com\google\j2objc\j2objc-annotations\1.1\j2objc-annotations-1.1.jar;D:\repository\org\codehaus\mojo\animal-sniffer-annotations\1.17\animal-sniffer-annotations-1.17.jar;D:\repository\org\slf4j\slf4j-api\1.7.28\slf4j-api-1.7.28.jar;D:\repository\org\springframework\boot\spring-boot-starter-test\2.1.8.RELEASE\spring-boot-starter-test-2.1.8.RELEASE.jar;D:\repository\org\springframework\boot\spring-boot-test\2.1.8.RELEASE\spring-boot-test-2.1.8.RELEASE.jar;D:\repository\org\springframework\boot\spring-boot-test-autoconfigure\2.1.8.RELEASE\spring-boot-test-autoconfigure-2.1.8.RELEASE.jar;D:\repository\com\jayway\jsonpath\json-path\2.4.0\json-path-2.4.0.jar;D:\repository\net\minidev\json-smart\2.3\json-smart-2.3.jar;D:\repository\net\minidev\accessors-smart\1.2\accessors-smart-1.2.jar;D:\repository\org\ow2\asm\asm\5.0.4\asm-5.0.4.jar;D:\repository\junit\junit\4.12\junit-4.12.jar;D:\repository\org\assertj\assertj-core\3.11.1\assertj-core-3.11.1.jar;D:\repository\org\mockito\mockito-core\2.23.4\mockito-core-2.23.4.jar;D:\repository\net\bytebuddy\byte-buddy\1.9.16\byte-buddy-1.9.16.jar;D:\repository\net\bytebuddy\byte-buddy-agent\1.9.16\byte-buddy-agent-1.9.16.jar;D:\repository\org\objenesis\objenesis\2.6\objenesis-2.6.jar;D:\repository\org\hamcrest\hamcrest-core\1.3\hamcrest-core-1.3.jar;D:\repository\org\hamcrest\hamcrest-library\1.3\hamcrest-library-1.3.jar;D:\repository\org\skyscreamer\jsonassert\1.5.0\jsonassert-1.5.0.jar;D:\repository\com\vaadin\external\google\android-json\0.0.20131108.vaadin1\android-json-0.0.20131108.vaadin1.jar;D:\repository\org\springframework\spring-test\5.1.9.RELEASE\spring-test-5.1.9.RELEASE.jar;D:\repository\org\xmlunit\xmlunit-core\2.6.3\xmlunit-core-2.6.3.jar;C:\fast\idea\lib\idea_rt.jar
2019-09-20 11:28:12.128 [main] INFO  org.apache.zookeeper.ZooKeeper - Client environment:java.library.path=C:\fast\jdk8\jdk1.8.0_221\bin;C:\WINDOWS\Sun\Java\bin;C:\WINDOWS\system32;C:\WINDOWS;C:\WINDOWS\system32;C:\WINDOWS;C:\WINDOWS\System32\Wbem;C:\WINDOWS\System32\WindowsPowerShell\v1.0\;C:\WINDOWS\System32\OpenSSH\;C:\fast\jdk8\jdk1.8.0_221\bin;C:\Users\smallming\AppData\Local\Microsoft\WindowsApps;;.
2019-09-20 11:28:12.128 [main] INFO  org.apache.zookeeper.ZooKeeper - Client environment:java.io.tmpdir=C:\Users\SMALLM~1\AppData\Local\Temp\
2019-09-20 11:28:12.128 [main] INFO  org.apache.zookeeper.ZooKeeper - Client environment:java.compiler=<NA>
2019-09-20 11:28:12.128 [main] INFO  org.apache.zookeeper.ZooKeeper - Client environment:os.name=Windows 10
2019-09-20 11:28:12.129 [main] INFO  org.apache.zookeeper.ZooKeeper - Client environment:os.arch=amd64
2019-09-20 11:28:12.129 [main] INFO  org.apache.zookeeper.ZooKeeper - Client environment:os.version=10.0
2019-09-20 11:28:12.129 [main] INFO  org.apache.zookeeper.ZooKeeper - Client environment:user.name=smallming
2019-09-20 11:28:12.129 [main] INFO  org.apache.zookeeper.ZooKeeper - Client environment:user.home=C:\Users\smallming
2019-09-20 11:28:12.129 [main] INFO  org.apache.zookeeper.ZooKeeper - Client environment:user.dir=C:\fast\ideaws\ego_parent\ego_serviceimpl
2019-09-20 11:28:12.129 [main] INFO  org.apache.zookeeper.ZooKeeper - Client environment:os.memory.free=155MB
2019-09-20 11:28:12.129 [main] INFO  org.apache.zookeeper.ZooKeeper - Client environment:os.memory.max=3611MB
2019-09-20 11:28:12.129 [main] INFO  org.apache.zookeeper.ZooKeeper - Client environment:os.memory.total=231MB
2019-09-20 11:28:12.131 [main] INFO  org.apache.curator.utils.Compatibility - Using emulated InjectSessionExpiration
2019-09-20 11:28:12.216 [main] INFO  o.a.curator.framework.imps.CuratorFrameworkImpl - Starting
2019-09-20 11:28:12.221 [main] INFO  org.apache.zookeeper.ZooKeeper - Initiating client connection, connectString=192.168.9.128:2181 sessionTimeout=60000 watcher=org.apache.curator.ConnectionState@1ffcf674
2019-09-20 11:28:12.583 [main] INFO  org.apache.zookeeper.ClientCnxnSocket - jute.maxbuffer value is 4194304 Bytes
2019-09-20 11:28:12.704 [main-SendThread(192.168.9.128:2181)] INFO  org.apache.zookeeper.ClientCnxn - Opening socket connection to server 192.168.9.128/192.168.9.128:2181. Will not attempt to authenticate using SASL (unknown error)
2019-09-20 11:28:12.707 [main-SendThread(192.168.9.128:2181)] INFO  org.apache.zookeeper.ClientCnxn - Socket connection established, initiating session, client: /192.168.9.1:64983, server: 192.168.9.128/192.168.9.128:2181
2019-09-20 11:28:12.718 [main] INFO  o.a.curator.framework.imps.CuratorFrameworkImpl - Default schema
2019-09-20 11:28:12.797 [main-SendThread(192.168.9.128:2181)] INFO  org.apache.zookeeper.ClientCnxn - Session establishment complete on server 192.168.9.128/192.168.9.128:2181, sessionid = 0x100000f87500000, negotiated timeout = 40000
2019-09-20 11:28:12.809 [main-EventThread] INFO  o.a.curator.framework.state.ConnectionStateManager - State change: CONNECTED
2019-09-20 11:28:12.831 [main-EventThread] INFO  org.apache.curator.framework.imps.EnsembleTracker - New config event received: {}
2019-09-20 11:28:12.831 [main-EventThread] INFO  org.apache.curator.framework.imps.EnsembleTracker - New config event received: {}
2019-09-20 11:28:14.364 [main] INFO  com.ego.test.MyTest - Started MyTest in 7.001 seconds (JVM running for 8.563)
2019-09-20 11:28:14.369 [pool-1-thread-1] INFO  o.a.d.s.b.c.e.AwaitingNonWebApplicationListener -  [Dubbo] Current Spring Boot Application is await...
2019-09-20 11:28:14.736 [main] INFO  com.zaxxer.hikari.HikariDataSource - HikariPool-1 - Starting...
2019-09-20 11:28:15.047 [main] INFO  com.zaxxer.hikari.HikariDataSource - HikariPool-1 - Start completed.
2019-09-20 11:28:15.059 [main] DEBUG com.ego.mapper.TbItemMapper.selectByExample - ==>  Preparing: select id, title, sell_point, price, num, barcode, image, cid, status, created, updated from tb_item 
2019-09-20 11:28:15.095 [main] DEBUG com.ego.mapper.TbItemMapper.selectByExample - ==> Parameters: 
2019-09-20 11:28:15.383 [main] DEBUG com.ego.mapper.TbItemMapper.selectByExample - <==      Total: 3096
2019-09-20 11:28:15.463 [Thread-2] INFO  o.a.d.s.b.c.e.AwaitingNonWebApplicationListener -  [Dubbo] Current Spring Boot Application is about to shutdown...
2019-09-20 11:28:15.479 [Curator-Framework-0] INFO  o.a.curator.framework.imps.CuratorFrameworkImpl - backgroundOperationsLoop exiting
2019-09-20 11:28:15.599 [Thread-2] INFO  org.apache.zookeeper.ZooKeeper - Session: 0x100000f87500000 closed
2019-09-20 11:28:15.600 [main-EventThread] INFO  org.apache.zookeeper.ClientCnxn - EventThread shut down for session: 0x100000f87500000
2019-09-20 11:28:15.610 [Thread-2] INFO  o.a.curator.framework.imps.CuratorFrameworkImpl - Starting
2019-09-20 11:28:15.611 [Thread-2] INFO  org.apache.zookeeper.ZooKeeper - Initiating client connection, connectString=192.168.9.128:2181 sessionTimeout=60000 watcher=org.apache.curator.ConnectionState@1eef3a19
2019-09-20 11:28:15.612 [Thread-2] INFO  org.apache.zookeeper.ClientCnxnSocket - jute.maxbuffer value is 4194304 Bytes
2019-09-20 11:28:15.613 [Thread-2-SendThread(192.168.9.128:2181)] INFO  org.apache.zookeeper.ClientCnxn - Opening socket connection to server 192.168.9.128/192.168.9.128:2181. Will not attempt to authenticate using SASL (unknown error)
2019-09-20 11:28:15.613 [Thread-2] INFO  o.a.curator.framework.imps.CuratorFrameworkImpl - Default schema
2019-09-20 11:28:15.614 [Thread-2-SendThread(192.168.9.128:2181)] INFO  org.apache.zookeeper.ClientCnxn - Socket connection established, initiating session, client: /192.168.9.1:65016, server: 192.168.9.128/192.168.9.128:2181
2019-09-20 11:28:15.619 [Thread-2-SendThread(192.168.9.128:2181)] INFO  org.apache.zookeeper.ClientCnxn - Session establishment complete on server 192.168.9.128/192.168.9.128:2181, sessionid = 0x100000f87500001, negotiated timeout = 40000
2019-09-20 11:28:15.619 [Thread-2-EventThread] INFO  o.a.curator.framework.state.ConnectionStateManager - State change: CONNECTED
2019-09-20 11:28:15.625 [Thread-2-EventThread] INFO  org.apache.curator.framework.imps.EnsembleTracker - New config event received: {}
2019-09-20 11:28:15.626 [Thread-2-EventThread] INFO  org.apache.curator.framework.imps.EnsembleTracker - New config event received: {}
2019-09-20 11:28:15.639 [Thread-2] INFO  com.zaxxer.hikari.HikariDataSource - HikariPool-1 - Shutdown initiated...
2019-09-20 11:28:15.647 [Thread-2] INFO  com.zaxxer.hikari.HikariDataSource - HikariPool-1 - Shutdown completed.
2019-09-20 11:28:15.648 [Thread-2] INFO  o.a.d.c.s.b.f.a.ReferenceAnnotationBeanPostProcessor - class org.apache.dubbo.config.spring.beans.factory.annotation.ReferenceAnnotationBeanPostProcessor was destroying!
2019-09-20 11:32:58.039 [main] INFO  o.s.b.t.context.SpringBootTestContextBootstrapper - Neither @ContextConfiguration nor @ContextHierarchy found for test class [com.ego.test.MyTest], using SpringBootContextLoader
2019-09-20 11:32:58.054 [main] INFO  o.s.test.context.support.AbstractContextLoader - Could not detect default resource locations for test class [com.ego.test.MyTest]: no resource found for suffixes {-context.xml, Context.groovy}.
2019-09-20 11:32:58.372 [main] INFO  o.s.b.t.context.SpringBootTestContextBootstrapper - Loaded default TestExecutionListener class names from location [META-INF/spring.factories]: [org.springframework.boot.test.mock.mockito.MockitoTestExecutionListener, org.springframework.boot.test.mock.mockito.ResetMocksTestExecutionListener, org.springframework.boot.test.autoconfigure.restdocs.RestDocsTestExecutionListener, org.springframework.boot.test.autoconfigure.web.client.MockRestServiceServerResetTestExecutionListener, org.springframework.boot.test.autoconfigure.web.servlet.MockMvcPrintOnlyOnFailureTestExecutionListener, org.springframework.boot.test.autoconfigure.web.servlet.WebDriverTestExecutionListener, org.springframework.test.context.web.ServletTestExecutionListener, org.springframework.test.context.support.DirtiesContextBeforeModesTestExecutionListener, org.springframework.test.context.support.DependencyInjectionTestExecutionListener, org.springframework.test.context.support.DirtiesContextTestExecutionListener, org.springframework.test.context.transaction.TransactionalTestExecutionListener, org.springframework.test.context.jdbc.SqlScriptsTestExecutionListener]
2019-09-20 11:32:58.406 [main] INFO  o.s.b.t.context.SpringBootTestContextBootstrapper - Using TestExecutionListeners: [org.springframework.test.context.support.DirtiesContextBeforeModesTestExecutionListener@48f2bd5b, org.springframework.boot.test.mock.mockito.MockitoTestExecutionListener@7b2bbc3, org.springframework.boot.test.autoconfigure.SpringBootDependencyInjectionTestExecutionListener@a1153bc, org.springframework.test.context.support.DirtiesContextTestExecutionListener@1aafa419, org.springframework.test.context.transaction.TransactionalTestExecutionListener@47eaca72, org.springframework.test.context.jdbc.SqlScriptsTestExecutionListener@55141def, org.springframework.boot.test.mock.mockito.ResetMocksTestExecutionListener@55182842, org.springframework.boot.test.autoconfigure.restdocs.RestDocsTestExecutionListener@3270d194, org.springframework.boot.test.autoconfigure.web.client.MockRestServiceServerResetTestExecutionListener@235834f2, org.springframework.boot.test.autoconfigure.web.servlet.MockMvcPrintOnlyOnFailureTestExecutionListener@5656be13, org.springframework.boot.test.autoconfigure.web.servlet.WebDriverTestExecutionListener@4218d6a3]
2019-09-20 11:32:58.898 [main] INFO  o.a.d.s.b.c.event.WelcomeLogoApplicationListener - 

 :: Dubbo Spring Boot (v2.7.3) : https://github.com/apache/dubbo-spring-boot-project
 :: Dubbo (v2.7.3) : https://github.com/apache/incubator-dubbo
 :: Discuss group : dev@dubbo.apache.org

2019-09-20 11:32:58.905 [main] INFO  o.a.d.s.b.c.e.OverrideDubboConfigApplicationListener - Dubbo Config was overridden by externalized configuration {dubbo.application.name=service-dubbo, dubbo.application.qos-enable=false, dubbo.config.multiple=true, dubbo.registry.address=zookeeper://192.168.9.128:2181}
2019-09-20 11:32:59.116 [main] INFO  com.ego.test.MyTest - Starting MyTest on smallming with PID 10584 (started by smallming in C:\fast\ideaws\ego_parent\ego_serviceimpl)
2019-09-20 11:32:59.120 [main] INFO  com.ego.test.MyTest - The following profiles are active: mybatis
2019-09-20 11:32:59.835 [main] INFO  o.a.d.c.s.c.annotation.DubboConfigBindingRegistrar - The dubbo config bean definition [name : org.apache.dubbo.config.ApplicationConfig#0, class : org.apache.dubbo.config.ApplicationConfig] has been registered.
2019-09-20 11:32:59.837 [main] INFO  o.a.d.c.s.c.annotation.DubboConfigBindingRegistrar - The BeanPostProcessor bean definition [org.apache.dubbo.config.spring.beans.factory.annotation.DubboConfigBindingBeanPostProcessor] for dubbo config bean [name : org.apache.dubbo.config.ApplicationConfig#0] has been registered.
2019-09-20 11:32:59.837 [main] INFO  o.a.d.c.s.c.annotation.DubboConfigBindingRegistrar - The dubbo config bean definition [name : org.apache.dubbo.config.RegistryConfig#0, class : org.apache.dubbo.config.RegistryConfig] has been registered.
2019-09-20 11:32:59.837 [main] INFO  o.a.d.c.s.c.annotation.DubboConfigBindingRegistrar - The BeanPostProcessor bean definition [org.apache.dubbo.config.spring.beans.factory.annotation.DubboConfigBindingBeanPostProcessor] for dubbo config bean [name : org.apache.dubbo.config.RegistryConfig#0] has been registered.
2019-09-20 11:33:00.459 [main] INFO  o.s.c.s.PostProcessorRegistrationDelegate$BeanPostProcessorChecker - Bean 'org.apache.dubbo.spring.boot.autoconfigure.DubboRelaxedBinding2AutoConfiguration' of type [org.apache.dubbo.spring.boot.autoconfigure.DubboRelaxedBinding2AutoConfiguration$$EnhancerBySpringCGLIB$$e8430c18] is not eligible for getting processed by all BeanPostProcessors (for example: not eligible for auto-proxying)
2019-09-20 11:33:00.479 [main] INFO  o.s.c.s.PostProcessorRegistrationDelegate$BeanPostProcessorChecker - Bean 'org.springframework.transaction.annotation.ProxyTransactionManagementConfiguration' of type [org.springframework.transaction.annotation.ProxyTransactionManagementConfiguration$$EnhancerBySpringCGLIB$$2994bde2] is not eligible for getting processed by all BeanPostProcessors (for example: not eligible for auto-proxying)
2019-09-20 11:33:00.570 [main] INFO  o.s.c.s.PostProcessorRegistrationDelegate$BeanPostProcessorChecker - Bean 'relaxedDubboConfigBinder' of type [org.apache.dubbo.spring.boot.autoconfigure.BinderDubboConfigBinder] is not eligible for getting processed by all BeanPostProcessors (for example: not eligible for auto-proxying)
2019-09-20 11:33:00.585 [main] INFO  o.s.c.s.PostProcessorRegistrationDelegate$BeanPostProcessorChecker - Bean 'relaxedDubboConfigBinder' of type [org.apache.dubbo.spring.boot.autoconfigure.BinderDubboConfigBinder] is not eligible for getting processed by all BeanPostProcessors (for example: not eligible for auto-proxying)
2019-09-20 11:33:02.041 [main] INFO  o.a.d.c.s.b.f.a.DubboConfigBindingBeanPostProcessor - The properties of bean [name : org.apache.dubbo.config.ApplicationConfig#0] have been binding by prefix of configuration properties : dubbo.application
2019-09-20 11:33:02.055 [main] INFO  o.a.d.c.s.b.f.a.DubboConfigBindingBeanPostProcessor - The properties of bean [name : org.apache.dubbo.config.RegistryConfig#0] have been binding by prefix of configuration properties : dubbo.registry
2019-09-20 11:33:02.896 [main] INFO  org.apache.zookeeper.ZooKeeper - Client environment:zookeeper.version=3.5.4-beta-7f51e5b68cf2f80176ff944a9ebd2abbc65e7327, built on 05/11/2018 16:27 GMT
2019-09-20 11:33:02.896 [main] INFO  org.apache.zookeeper.ZooKeeper - Client environment:host.name=smallming
2019-09-20 11:33:02.897 [main] INFO  org.apache.zookeeper.ZooKeeper - Client environment:java.version=1.8.0_221
2019-09-20 11:33:02.897 [main] INFO  org.apache.zookeeper.ZooKeeper - Client environment:java.vendor=Oracle Corporation
2019-09-20 11:33:02.897 [main] INFO  org.apache.zookeeper.ZooKeeper - Client environment:java.home=C:\fast\jdk8\jdk1.8.0_221\jre
2019-09-20 11:33:02.897 [main] INFO  org.apache.zookeeper.ZooKeeper - Client environment:java.class.path=C:\fast\idea\lib\idea_rt.jar;C:\fast\idea\plugins\junit\lib\junit-rt.jar;C:\fast\idea\plugins\junit\lib\junit5-rt.jar;C:\fast\jdk8\jdk1.8.0_221\jre\lib\charsets.jar;C:\fast\jdk8\jdk1.8.0_221\jre\lib\deploy.jar;C:\fast\jdk8\jdk1.8.0_221\jre\lib\ext\access-bridge-64.jar;C:\fast\jdk8\jdk1.8.0_221\jre\lib\ext\cldrdata.jar;C:\fast\jdk8\jdk1.8.0_221\jre\lib\ext\dnsns.jar;C:\fast\jdk8\jdk1.8.0_221\jre\lib\ext\jaccess.jar;C:\fast\jdk8\jdk1.8.0_221\jre\lib\ext\jfxrt.jar;C:\fast\jdk8\jdk1.8.0_221\jre\lib\ext\localedata.jar;C:\fast\jdk8\jdk1.8.0_221\jre\lib\ext\nashorn.jar;C:\fast\jdk8\jdk1.8.0_221\jre\lib\ext\sunec.jar;C:\fast\jdk8\jdk1.8.0_221\jre\lib\ext\sunjce_provider.jar;C:\fast\jdk8\jdk1.8.0_221\jre\lib\ext\sunmscapi.jar;C:\fast\jdk8\jdk1.8.0_221\jre\lib\ext\sunpkcs11.jar;C:\fast\jdk8\jdk1.8.0_221\jre\lib\ext\zipfs.jar;C:\fast\jdk8\jdk1.8.0_221\jre\lib\javaws.jar;C:\fast\jdk8\jdk1.8.0_221\jre\lib\jce.jar;C:\fast\jdk8\jdk1.8.0_221\jre\lib\jfr.jar;C:\fast\jdk8\jdk1.8.0_221\jre\lib\jfxswt.jar;C:\fast\jdk8\jdk1.8.0_221\jre\lib\jsse.jar;C:\fast\jdk8\jdk1.8.0_221\jre\lib\management-agent.jar;C:\fast\jdk8\jdk1.8.0_221\jre\lib\plugin.jar;C:\fast\jdk8\jdk1.8.0_221\jre\lib\resources.jar;C:\fast\jdk8\jdk1.8.0_221\jre\lib\rt.jar;C:\fast\ideaws\ego_parent\ego_serviceimpl\target\test-classes;C:\fast\ideaws\ego_parent\ego_serviceimpl\target\classes;C:\fast\ideaws\ego_parent\ego_service\target\classes;C:\fast\ideaws\ego_parent\ego_pojo\target\classes;C:\fast\ideaws\ego_parent\ego_mapper\target\classes;D:\repository\org\mybatis\spring\boot\mybatis-spring-boot-starter\2.1.0\mybatis-spring-boot-starter-2.1.0.jar;D:\repository\org\springframework\boot\spring-boot-starter-jdbc\2.1.8.RELEASE\spring-boot-starter-jdbc-2.1.8.RELEASE.jar;D:\repository\com\zaxxer\HikariCP\3.2.0\HikariCP-3.2.0.jar;D:\repository\org\springframework\spring-jdbc\5.1.9.RELEASE\spring-jdbc-5.1.9.RELEASE.jar;D:\repository\org\springframework\spring-tx\5.1.9.RELEASE\spring-tx-5.1.9.RELEASE.jar;D:\repository\org\mybatis\spring\boot\mybatis-spring-boot-autoconfigure\2.1.0\mybatis-spring-boot-autoconfigure-2.1.0.jar;D:\repository\org\mybatis\mybatis\3.5.2\mybatis-3.5.2.jar;D:\repository\org\mybatis\mybatis-spring\2.0.2\mybatis-spring-2.0.2.jar;D:\repository\mysql\mysql-connector-java\5.1.47\mysql-connector-java-5.1.47.jar;D:\repository\com\github\pagehelper\pagehelper-spring-boot-starter\1.2.12\pagehelper-spring-boot-starter-1.2.12.jar;D:\repository\com\github\pagehelper\pagehelper-spring-boot-autoconfigure\1.2.12\pagehelper-spring-boot-autoconfigure-1.2.12.jar;D:\repository\com\github\pagehelper\pagehelper\5.1.10\pagehelper-5.1.10.jar;D:\repository\com\github\jsqlparser\jsqlparser\2.0\jsqlparser-2.0.jar;D:\repository\org\springframework\boot\spring-boot-starter\2.1.8.RELEASE\spring-boot-starter-2.1.8.RELEASE.jar;D:\repository\org\springframework\boot\spring-boot\2.1.8.RELEASE\spring-boot-2.1.8.RELEASE.jar;D:\repository\org\springframework\spring-context\5.1.9.RELEASE\spring-context-5.1.9.RELEASE.jar;D:\repository\org\springframework\spring-aop\5.1.9.RELEASE\spring-aop-5.1.9.RELEASE.jar;D:\repository\org\springframework\spring-beans\5.1.9.RELEASE\spring-beans-5.1.9.RELEASE.jar;D:\repository\org\springframework\spring-expression\5.1.9.RELEASE\spring-expression-5.1.9.RELEASE.jar;D:\repository\org\springframework\boot\spring-boot-autoconfigure\2.1.8.RELEASE\spring-boot-autoconfigure-2.1.8.RELEASE.jar;D:\repository\org\springframework\boot\spring-boot-starter-logging\2.1.8.RELEASE\spring-boot-starter-logging-2.1.8.RELEASE.jar;D:\repository\ch\qos\logback\logback-classic\1.2.3\logback-classic-1.2.3.jar;D:\repository\ch\qos\logback\logback-core\1.2.3\logback-core-1.2.3.jar;D:\repository\org\apache\logging\log4j\log4j-to-slf4j\2.11.2\log4j-to-slf4j-2.11.2.jar;D:\repository\org\apache\logging\log4j\log4j-api\2.11.2\log4j-api-2.11.2.jar;D:\repository\org\slf4j\jul-to-slf4j\1.7.28\jul-to-slf4j-1.7.28.jar;D:\repository\javax\annotation\javax.annotation-api\1.3.2\javax.annotation-api-1.3.2.jar;D:\repository\org\springframework\spring-core\5.1.9.RELEASE\spring-core-5.1.9.RELEASE.jar;D:\repository\org\springframework\spring-jcl\5.1.9.RELEASE\spring-jcl-5.1.9.RELEASE.jar;D:\repository\org\yaml\snakeyaml\1.23\snakeyaml-1.23.jar;D:\repository\org\apache\dubbo\dubbo-spring-boot-starter\2.7.3\dubbo-spring-boot-starter-2.7.3.jar;D:\repository\org\apache\dubbo\dubbo-spring-boot-autoconfigure\2.7.3\dubbo-spring-boot-autoconfigure-2.7.3.jar;D:\repository\org\apache\dubbo\dubbo-spring-boot-autoconfigure-compatible\2.7.3\dubbo-spring-boot-autoconfigure-compatible-2.7.3.jar;D:\repository\org\apache\dubbo\dubbo\2.7.3\dubbo-2.7.3.jar;D:\repository\org\javassist\javassist\3.20.0-GA\javassist-3.20.0-GA.jar;D:\repository\io\netty\netty-all\4.1.39.Final\netty-all-4.1.39.Final.jar;D:\repository\com\google\code\gson\gson\2.8.5\gson-2.8.5.jar;D:\repository\org\apache\curator\curator-recipes\4.2.0\curator-recipes-4.2.0.jar;D:\repository\org\apache\curator\curator-framework\4.2.0\curator-framework-4.2.0.jar;D:\repository\org\apache\curator\curator-client\4.2.0\curator-client-4.2.0.jar;D:\repository\org\apache\zookeeper\zookeeper\3.5.4-beta\zookeeper-3.5.4-beta.jar;D:\repository\commons-cli\commons-cli\1.2\commons-cli-1.2.jar;D:\repository\log4j\log4j\1.2.17\log4j-1.2.17.jar;D:\repository\org\apache\yetus\audience-annotations\0.5.0\audience-annotations-0.5.0.jar;D:\repository\io\netty\netty\3.10.6.Final\netty-3.10.6.Final.jar;D:\repository\com\google\guava\guava\27.0.1-jre\guava-27.0.1-jre.jar;D:\repository\com\google\guava\failureaccess\1.0.1\failureaccess-1.0.1.jar;D:\repository\com\google\guava\listenablefuture\9999.0-empty-to-avoid-conflict-with-guava\listenablefuture-9999.0-empty-to-avoid-conflict-with-guava.jar;D:\repository\com\google\code\findbugs\jsr305\3.0.2\jsr305-3.0.2.jar;D:\repository\org\checkerframework\checker-qual\2.5.2\checker-qual-2.5.2.jar;D:\repository\com\google\errorprone\error_prone_annotations\2.2.0\error_prone_annotations-2.2.0.jar;D:\repository\com\google\j2objc\j2objc-annotations\1.1\j2objc-annotations-1.1.jar;D:\repository\org\codehaus\mojo\animal-sniffer-annotations\1.17\animal-sniffer-annotations-1.17.jar;D:\repository\org\slf4j\slf4j-api\1.7.28\slf4j-api-1.7.28.jar;D:\repository\org\springframework\boot\spring-boot-starter-test\2.1.8.RELEASE\spring-boot-starter-test-2.1.8.RELEASE.jar;D:\repository\org\springframework\boot\spring-boot-test\2.1.8.RELEASE\spring-boot-test-2.1.8.RELEASE.jar;D:\repository\org\springframework\boot\spring-boot-test-autoconfigure\2.1.8.RELEASE\spring-boot-test-autoconfigure-2.1.8.RELEASE.jar;D:\repository\com\jayway\jsonpath\json-path\2.4.0\json-path-2.4.0.jar;D:\repository\net\minidev\json-smart\2.3\json-smart-2.3.jar;D:\repository\net\minidev\accessors-smart\1.2\accessors-smart-1.2.jar;D:\repository\org\ow2\asm\asm\5.0.4\asm-5.0.4.jar;D:\repository\junit\junit\4.12\junit-4.12.jar;D:\repository\org\assertj\assertj-core\3.11.1\assertj-core-3.11.1.jar;D:\repository\org\mockito\mockito-core\2.23.4\mockito-core-2.23.4.jar;D:\repository\net\bytebuddy\byte-buddy\1.9.16\byte-buddy-1.9.16.jar;D:\repository\net\bytebuddy\byte-buddy-agent\1.9.16\byte-buddy-agent-1.9.16.jar;D:\repository\org\objenesis\objenesis\2.6\objenesis-2.6.jar;D:\repository\org\hamcrest\hamcrest-core\1.3\hamcrest-core-1.3.jar;D:\repository\org\hamcrest\hamcrest-library\1.3\hamcrest-library-1.3.jar;D:\repository\org\skyscreamer\jsonassert\1.5.0\jsonassert-1.5.0.jar;D:\repository\com\vaadin\external\google\android-json\0.0.20131108.vaadin1\android-json-0.0.20131108.vaadin1.jar;D:\repository\org\springframework\spring-test\5.1.9.RELEASE\spring-test-5.1.9.RELEASE.jar;D:\repository\org\xmlunit\xmlunit-core\2.6.3\xmlunit-core-2.6.3.jar;C:\fast\idea\lib\idea_rt.jar
2019-09-20 11:33:02.898 [main] INFO  org.apache.zookeeper.ZooKeeper - Client environment:java.library.path=C:\fast\jdk8\jdk1.8.0_221\bin;C:\WINDOWS\Sun\Java\bin;C:\WINDOWS\system32;C:\WINDOWS;C:\WINDOWS\system32;C:\WINDOWS;C:\WINDOWS\System32\Wbem;C:\WINDOWS\System32\WindowsPowerShell\v1.0\;C:\WINDOWS\System32\OpenSSH\;C:\fast\jdk8\jdk1.8.0_221\bin;C:\Users\smallming\AppData\Local\Microsoft\WindowsApps;;.
2019-09-20 11:33:02.898 [main] INFO  org.apache.zookeeper.ZooKeeper - Client environment:java.io.tmpdir=C:\Users\SMALLM~1\AppData\Local\Temp\
2019-09-20 11:33:02.898 [main] INFO  org.apache.zookeeper.ZooKeeper - Client environment:java.compiler=<NA>
2019-09-20 11:33:02.898 [main] INFO  org.apache.zookeeper.ZooKeeper - Client environment:os.name=Windows 10
2019-09-20 11:33:02.903 [main] INFO  org.apache.zookeeper.ZooKeeper - Client environment:os.arch=amd64
2019-09-20 11:33:02.903 [main] INFO  org.apache.zookeeper.ZooKeeper - Client environment:os.version=10.0
2019-09-20 11:33:02.903 [main] INFO  org.apache.zookeeper.ZooKeeper - Client environment:user.name=smallming
2019-09-20 11:33:02.903 [main] INFO  org.apache.zookeeper.ZooKeeper - Client environment:user.home=C:\Users\smallming
2019-09-20 11:33:02.903 [main] INFO  org.apache.zookeeper.ZooKeeper - Client environment:user.dir=C:\fast\ideaws\ego_parent\ego_serviceimpl
2019-09-20 11:33:02.904 [main] INFO  org.apache.zookeeper.ZooKeeper - Client environment:os.memory.free=153MB
2019-09-20 11:33:02.904 [main] INFO  org.apache.zookeeper.ZooKeeper - Client environment:os.memory.max=3611MB
2019-09-20 11:33:02.904 [main] INFO  org.apache.zookeeper.ZooKeeper - Client environment:os.memory.total=209MB
2019-09-20 11:33:02.905 [main] INFO  org.apache.curator.utils.Compatibility - Using emulated InjectSessionExpiration
2019-09-20 11:33:02.960 [main] INFO  o.a.curator.framework.imps.CuratorFrameworkImpl - Starting
2019-09-20 11:33:02.964 [main] INFO  org.apache.zookeeper.ZooKeeper - Initiating client connection, connectString=192.168.9.128:2181 sessionTimeout=60000 watcher=org.apache.curator.ConnectionState@1eb2d371
2019-09-20 11:33:03.300 [main] INFO  org.apache.zookeeper.ClientCnxnSocket - jute.maxbuffer value is 4194304 Bytes
2019-09-20 11:33:03.314 [main-SendThread(192.168.9.128:2181)] INFO  org.apache.zookeeper.ClientCnxn - Opening socket connection to server 192.168.9.128/192.168.9.128:2181. Will not attempt to authenticate using SASL (unknown error)
2019-09-20 11:33:03.316 [main-SendThread(192.168.9.128:2181)] INFO  org.apache.zookeeper.ClientCnxn - Socket connection established, initiating session, client: /192.168.9.1:65214, server: 192.168.9.128/192.168.9.128:2181
2019-09-20 11:33:03.327 [main] INFO  o.a.curator.framework.imps.CuratorFrameworkImpl - Default schema
2019-09-20 11:33:03.329 [main-SendThread(192.168.9.128:2181)] INFO  org.apache.zookeeper.ClientCnxn - Session establishment complete on server 192.168.9.128/192.168.9.128:2181, sessionid = 0x100000f87500002, negotiated timeout = 40000
2019-09-20 11:33:03.340 [main-EventThread] INFO  o.a.curator.framework.state.ConnectionStateManager - State change: CONNECTED
2019-09-20 11:33:03.359 [main-EventThread] INFO  org.apache.curator.framework.imps.EnsembleTracker - New config event received: {}
2019-09-20 11:33:03.359 [main-EventThread] INFO  org.apache.curator.framework.imps.EnsembleTracker - New config event received: {}
2019-09-20 11:33:04.594 [main] INFO  com.ego.test.MyTest - Started MyTest in 6.114 seconds (JVM running for 7.578)
2019-09-20 11:33:04.598 [pool-1-thread-1] INFO  o.a.d.s.b.c.e.AwaitingNonWebApplicationListener -  [Dubbo] Current Spring Boot Application is await...
2019-09-20 11:33:04.890 [main] INFO  com.zaxxer.hikari.HikariDataSource - HikariPool-1 - Starting...
2019-09-20 11:33:05.177 [main] INFO  com.zaxxer.hikari.HikariDataSource - HikariPool-1 - Start completed.
2019-09-20 11:33:05.241 [main] DEBUG com.ego.mapper.TbItemMapper.selectByExample_COUNT - ==>  Preparing: SELECT count(0) FROM tb_item 
2019-09-20 11:33:05.266 [main] DEBUG com.ego.mapper.TbItemMapper.selectByExample_COUNT - ==> Parameters: 
2019-09-20 11:33:05.287 [main] DEBUG com.ego.mapper.TbItemMapper.selectByExample_COUNT - <==      Total: 1
2019-09-20 11:33:05.291 [main] DEBUG com.ego.mapper.TbItemMapper.selectByExample - ==>  Preparing: select id, title, sell_point, price, num, barcode, image, cid, status, created, updated from tb_item LIMIT ? 
2019-09-20 11:33:05.292 [main] DEBUG com.ego.mapper.TbItemMapper.selectByExample - ==> Parameters: 2(Integer)
2019-09-20 11:33:05.294 [main] DEBUG com.ego.mapper.TbItemMapper.selectByExample - <==      Total: 2
2019-09-20 11:33:05.305 [Thread-2] INFO  o.a.d.s.b.c.e.AwaitingNonWebApplicationListener -  [Dubbo] Current Spring Boot Application is about to shutdown...
2019-09-20 11:33:05.317 [Curator-Framework-0] INFO  o.a.curator.framework.imps.CuratorFrameworkImpl - backgroundOperationsLoop exiting
2019-09-20 11:33:05.332 [Thread-2] INFO  org.apache.zookeeper.ZooKeeper - Session: 0x100000f87500002 closed
2019-09-20 11:33:05.332 [main-EventThread] INFO  org.apache.zookeeper.ClientCnxn - EventThread shut down for session: 0x100000f87500002
2019-09-20 11:33:05.341 [Thread-2] INFO  o.a.curator.framework.imps.CuratorFrameworkImpl - Starting
2019-09-20 11:33:05.341 [Thread-2] INFO  org.apache.zookeeper.ZooKeeper - Initiating client connection, connectString=192.168.9.128:2181 sessionTimeout=60000 watcher=org.apache.curator.ConnectionState@139f11c0
2019-09-20 11:33:05.342 [Thread-2] INFO  org.apache.zookeeper.ClientCnxnSocket - jute.maxbuffer value is 4194304 Bytes
2019-09-20 11:33:05.343 [Thread-2] INFO  o.a.curator.framework.imps.CuratorFrameworkImpl - Default schema
2019-09-20 11:33:05.343 [Thread-2-SendThread(192.168.9.128:2181)] INFO  org.apache.zookeeper.ClientCnxn - Opening socket connection to server 192.168.9.128/192.168.9.128:2181. Will not attempt to authenticate using SASL (unknown error)
2019-09-20 11:33:05.345 [Thread-2-SendThread(192.168.9.128:2181)] INFO  org.apache.zookeeper.ClientCnxn - Socket connection established, initiating session, client: /192.168.9.1:65247, server: 192.168.9.128/192.168.9.128:2181
2019-09-20 11:33:05.349 [Thread-2-SendThread(192.168.9.128:2181)] INFO  org.apache.zookeeper.ClientCnxn - Session establishment complete on server 192.168.9.128/192.168.9.128:2181, sessionid = 0x100000f87500003, negotiated timeout = 40000
2019-09-20 11:33:05.350 [Thread-2-EventThread] INFO  o.a.curator.framework.state.ConnectionStateManager - State change: CONNECTED
2019-09-20 11:33:05.358 [Thread-2-EventThread] INFO  org.apache.curator.framework.imps.EnsembleTracker - New config event received: {}
2019-09-20 11:33:05.358 [Thread-2-EventThread] INFO  org.apache.curator.framework.imps.EnsembleTracker - New config event received: {}
2019-09-20 11:33:05.368 [Thread-2] INFO  com.zaxxer.hikari.HikariDataSource - HikariPool-1 - Shutdown initiated...
2019-09-20 11:33:05.379 [Thread-2] INFO  com.zaxxer.hikari.HikariDataSource - HikariPool-1 - Shutdown completed.
2019-09-20 11:33:05.379 [Thread-2] INFO  o.a.d.c.s.b.f.a.ReferenceAnnotationBeanPostProcessor - class org.apache.dubbo.config.spring.beans.factory.annotation.ReferenceAnnotationBeanPostProcessor was destroying!
